Exception on / [GET]
Traceback (most recent call last):
  File "C:\Users\Manoj\Contacts\Downloads\Web-MyOwn\Web-MyOwn\venv\Lib\site-packages\flask\app.py", line 1511, in wsgi_app
    response = self.full_dispatch_request()
  File "C:\Users\Manoj\Contacts\Downloads\Web-MyOwn\Web-MyOwn\venv\Lib\site-packages\flask\app.py", line 919, in full_dispatch_request
    rv = self.handle_user_exception(e)
  File "C:\Users\Manoj\Contacts\Downloads\Web-MyOwn\Web-MyOwn\venv\Lib\site-packages\flask\app.py", line 917, in full_dispatch_request
    rv = self.dispatch_request()
  File "C:\Users\Manoj\Contacts\Downloads\Web-MyOwn\Web-MyOwn\venv\Lib\site-packages\flask\app.py", line 902, in dispatch_request
    return self.ensure_sync(self.view_functions[rule.endpoint])(**view_args)  # type: ignore[no-any-return]
           ~~~~~~~~~~~~~~~~~~~~~~~~~~~~~~~~~~~~~~~~~~~~~~~~~~~~^^^^^^^^^^^^^
  File "C:\Users\Manoj\Contacts\Downloads\Web-MyOwn\Web-MyOwn\app.py", line 201, in home
    return render_template('login.html')
  File "C:\Users\Manoj\Contacts\Downloads\Web-MyOwn\Web-MyOwn\venv\Lib\site-packages\flask\templating.py", line 150, in render_template
    return _render(app, template, context)
  File "C:\Users\Manoj\Contacts\Downloads\Web-MyOwn\Web-MyOwn\venv\Lib\site-packages\flask\templating.py", line 131, in _render
    rv = template.render(context)
  File "C:\Users\Manoj\Contacts\Downloads\Web-MyOwn\Web-MyOwn\venv\Lib\site-packages\jinja2\environment.py", line 1295, in render
    self.environment.handle_exception()
    ~~~~~~~~~~~~~~~~~~~~~~~~~~~~~~~~~^^
  File "C:\Users\Manoj\Contacts\Downloads\Web-MyOwn\Web-MyOwn\venv\Lib\site-packages\jinja2\environment.py", line 942, in handle_exception
    raise rewrite_traceback_stack(source=source)
  File "C:\Users\Manoj\Contacts\Downloads\Web-MyOwn\Web-MyOwn\templates\login.html", line 131, in top-level template code
    <a href="{{ url_for('forgot_password') }}">Forgot Password?</a>
    ^^^^^^^^^^^^^^^^
  File "C:\Users\Manoj\Contacts\Downloads\Web-MyOwn\Web-MyOwn\venv\Lib\site-packages\flask\app.py", line 1121, in url_for
    return self.handle_url_build_error(error, endpoint, values)
           ~~~~~~~~~~~~~~~~~~~~~~~~~~~^^^^^^^^^^^^^^^^^^^^^^^^^
  File "C:\Users\Manoj\Contacts\Downloads\Web-MyOwn\Web-MyOwn\venv\Lib\site-packages\flask\app.py", line 1110, in url_for
    rv = url_adapter.build(  # type: ignore[union-attr]
        endpoint,
    ...<3 lines>...
        force_external=_external,
    )
  File "C:\Users\Manoj\Contacts\Downloads\Web-MyOwn\Web-MyOwn\venv\Lib\site-packages\werkzeug\routing\map.py", line 924, in build
    raise BuildError(endpoint, values, method, self)
werkzeug.routing.exceptions.BuildError: Could not build url for endpoint 'forgot_password'. Did you mean 'dashboard' instead?
Exception on / [GET]
Traceback (most recent call last):
  File "C:\Users\Manoj\Contacts\Downloads\Web-MyOwn\Web-MyOwn\venv\Lib\site-packages\flask\app.py", line 1511, in wsgi_app
    response = self.full_dispatch_request()
  File "C:\Users\Manoj\Contacts\Downloads\Web-MyOwn\Web-MyOwn\venv\Lib\site-packages\flask\app.py", line 919, in full_dispatch_request
    rv = self.handle_user_exception(e)
  File "C:\Users\Manoj\Contacts\Downloads\Web-MyOwn\Web-MyOwn\venv\Lib\site-packages\flask\app.py", line 917, in full_dispatch_request
    rv = self.dispatch_request()
  File "C:\Users\Manoj\Contacts\Downloads\Web-MyOwn\Web-MyOwn\venv\Lib\site-packages\flask\app.py", line 902, in dispatch_request
    return self.ensure_sync(self.view_functions[rule.endpoint])(**view_args)  # type: ignore[no-any-return]
           ~~~~~~~~~~~~~~~~~~~~~~~~~~~~~~~~~~~~~~~~~~~~~~~~~~~~^^^^^^^^^^^^^
  File "C:\Users\Manoj\Contacts\Downloads\Web-MyOwn\Web-MyOwn\app.py", line 201, in home
    return render_template('login.html')
  File "C:\Users\Manoj\Contacts\Downloads\Web-MyOwn\Web-MyOwn\venv\Lib\site-packages\flask\templating.py", line 150, in render_template
    return _render(app, template, context)
  File "C:\Users\Manoj\Contacts\Downloads\Web-MyOwn\Web-MyOwn\venv\Lib\site-packages\flask\templating.py", line 131, in _render
    rv = template.render(context)
  File "C:\Users\Manoj\Contacts\Downloads\Web-MyOwn\Web-MyOwn\venv\Lib\site-packages\jinja2\environment.py", line 1295, in render
    self.environment.handle_exception()
    ~~~~~~~~~~~~~~~~~~~~~~~~~~~~~~~~~^^
  File "C:\Users\Manoj\Contacts\Downloads\Web-MyOwn\Web-MyOwn\venv\Lib\site-packages\jinja2\environment.py", line 942, in handle_exception
    raise rewrite_traceback_stack(source=source)
  File "C:\Users\Manoj\Contacts\Downloads\Web-MyOwn\Web-MyOwn\templates\login.html", line 131, in top-level template code
    <a href="{{ url_for('forgot_password') }}">Forgot Password?</a>
    ^^^^^^^^^^^^^^^^
  File "C:\Users\Manoj\Contacts\Downloads\Web-MyOwn\Web-MyOwn\venv\Lib\site-packages\flask\app.py", line 1121, in url_for
    return self.handle_url_build_error(error, endpoint, values)
           ~~~~~~~~~~~~~~~~~~~~~~~~~~~^^^^^^^^^^^^^^^^^^^^^^^^^
  File "C:\Users\Manoj\Contacts\Downloads\Web-MyOwn\Web-MyOwn\venv\Lib\site-packages\flask\app.py", line 1110, in url_for
    rv = url_adapter.build(  # type: ignore[union-attr]
        endpoint,
    ...<3 lines>...
        force_external=_external,
    )
  File "C:\Users\Manoj\Contacts\Downloads\Web-MyOwn\Web-MyOwn\venv\Lib\site-packages\werkzeug\routing\map.py", line 924, in build
    raise BuildError(endpoint, values, method, self)
werkzeug.routing.exceptions.BuildError: Could not build url for endpoint 'forgot_password'. Did you mean 'dashboard' instead?
Exception on / [GET]
Traceback (most recent call last):
  File "C:\Users\Manoj\Contacts\Downloads\Web-MyOwn\Web-MyOwn\venv\Lib\site-packages\flask\app.py", line 1511, in wsgi_app
    response = self.full_dispatch_request()
  File "C:\Users\Manoj\Contacts\Downloads\Web-MyOwn\Web-MyOwn\venv\Lib\site-packages\flask\app.py", line 919, in full_dispatch_request
    rv = self.handle_user_exception(e)
  File "C:\Users\Manoj\Contacts\Downloads\Web-MyOwn\Web-MyOwn\venv\Lib\site-packages\flask\app.py", line 917, in full_dispatch_request
    rv = self.dispatch_request()
  File "C:\Users\Manoj\Contacts\Downloads\Web-MyOwn\Web-MyOwn\venv\Lib\site-packages\flask\app.py", line 902, in dispatch_request
    return self.ensure_sync(self.view_functions[rule.endpoint])(**view_args)  # type: ignore[no-any-return]
           ~~~~~~~~~~~~~~~~~~~~~~~~~~~~~~~~~~~~~~~~~~~~~~~~~~~~^^^^^^^^^^^^^
  File "C:\Users\Manoj\Contacts\Downloads\Web-MyOwn\Web-MyOwn\app.py", line 201, in home
    return render_template('login.html')
  File "C:\Users\Manoj\Contacts\Downloads\Web-MyOwn\Web-MyOwn\venv\Lib\site-packages\flask\templating.py", line 150, in render_template
    return _render(app, template, context)
  File "C:\Users\Manoj\Contacts\Downloads\Web-MyOwn\Web-MyOwn\venv\Lib\site-packages\flask\templating.py", line 131, in _render
    rv = template.render(context)
  File "C:\Users\Manoj\Contacts\Downloads\Web-MyOwn\Web-MyOwn\venv\Lib\site-packages\jinja2\environment.py", line 1295, in render
    self.environment.handle_exception()
    ~~~~~~~~~~~~~~~~~~~~~~~~~~~~~~~~~^^
  File "C:\Users\Manoj\Contacts\Downloads\Web-MyOwn\Web-MyOwn\venv\Lib\site-packages\jinja2\environment.py", line 942, in handle_exception
    raise rewrite_traceback_stack(source=source)
  File "C:\Users\Manoj\Contacts\Downloads\Web-MyOwn\Web-MyOwn\templates\login.html", line 131, in top-level template code
    <a href="{{ url_for('forgot_password') }}">Forgot Password?</a>
    ^^^^^^^^^^^^^^^^
  File "C:\Users\Manoj\Contacts\Downloads\Web-MyOwn\Web-MyOwn\venv\Lib\site-packages\flask\app.py", line 1121, in url_for
    return self.handle_url_build_error(error, endpoint, values)
           ~~~~~~~~~~~~~~~~~~~~~~~~~~~^^^^^^^^^^^^^^^^^^^^^^^^^
  File "C:\Users\Manoj\Contacts\Downloads\Web-MyOwn\Web-MyOwn\venv\Lib\site-packages\flask\app.py", line 1110, in url_for
    rv = url_adapter.build(  # type: ignore[union-attr]
        endpoint,
    ...<3 lines>...
        force_external=_external,
    )
  File "C:\Users\Manoj\Contacts\Downloads\Web-MyOwn\Web-MyOwn\venv\Lib\site-packages\werkzeug\routing\map.py", line 924, in build
    raise BuildError(endpoint, values, method, self)
werkzeug.routing.exceptions.BuildError: Could not build url for endpoint 'forgot_password'. Did you mean 'dashboard' instead?
Exception on / [GET]
Traceback (most recent call last):
  File "C:\Users\Manoj\Contacts\Downloads\Web-MyOwn\Web-MyOwn\venv\Lib\site-packages\flask\app.py", line 1511, in wsgi_app
    response = self.full_dispatch_request()
  File "C:\Users\Manoj\Contacts\Downloads\Web-MyOwn\Web-MyOwn\venv\Lib\site-packages\flask\app.py", line 919, in full_dispatch_request
    rv = self.handle_user_exception(e)
  File "C:\Users\Manoj\Contacts\Downloads\Web-MyOwn\Web-MyOwn\venv\Lib\site-packages\flask\app.py", line 917, in full_dispatch_request
    rv = self.dispatch_request()
  File "C:\Users\Manoj\Contacts\Downloads\Web-MyOwn\Web-MyOwn\venv\Lib\site-packages\flask\app.py", line 902, in dispatch_request
    return self.ensure_sync(self.view_functions[rule.endpoint])(**view_args)  # type: ignore[no-any-return]
           ~~~~~~~~~~~~~~~~~~~~~~~~~~~~~~~~~~~~~~~~~~~~~~~~~~~~^^^^^^^^^^^^^
  File "C:\Users\Manoj\Contacts\Downloads\Web-MyOwn\Web-MyOwn\app.py", line 201, in home
    return render_template('login.html')
  File "C:\Users\Manoj\Contacts\Downloads\Web-MyOwn\Web-MyOwn\venv\Lib\site-packages\flask\templating.py", line 150, in render_template
    return _render(app, template, context)
  File "C:\Users\Manoj\Contacts\Downloads\Web-MyOwn\Web-MyOwn\venv\Lib\site-packages\flask\templating.py", line 131, in _render
    rv = template.render(context)
  File "C:\Users\Manoj\Contacts\Downloads\Web-MyOwn\Web-MyOwn\venv\Lib\site-packages\jinja2\environment.py", line 1295, in render
    self.environment.handle_exception()
    ~~~~~~~~~~~~~~~~~~~~~~~~~~~~~~~~~^^
  File "C:\Users\Manoj\Contacts\Downloads\Web-MyOwn\Web-MyOwn\venv\Lib\site-packages\jinja2\environment.py", line 942, in handle_exception
    raise rewrite_traceback_stack(source=source)
  File "C:\Users\Manoj\Contacts\Downloads\Web-MyOwn\Web-MyOwn\templates\login.html", line 131, in top-level template code
    <a href="#">Forgot Password?</a>
    ^^^^^^^^^^^^^^^^
  File "C:\Users\Manoj\Contacts\Downloads\Web-MyOwn\Web-MyOwn\venv\Lib\site-packages\flask\app.py", line 1121, in url_for
    return self.handle_url_build_error(error, endpoint, values)
           ~~~~~~~~~~~~~~~~~~~~~~~~~~~^^^^^^^^^^^^^^^^^^^^^^^^^
  File "C:\Users\Manoj\Contacts\Downloads\Web-MyOwn\Web-MyOwn\venv\Lib\site-packages\flask\app.py", line 1110, in url_for
    rv = url_adapter.build(  # type: ignore[union-attr]
        endpoint,
    ...<3 lines>...
        force_external=_external,
    )
  File "C:\Users\Manoj\Contacts\Downloads\Web-MyOwn\Web-MyOwn\venv\Lib\site-packages\werkzeug\routing\map.py", line 924, in build
    raise BuildError(endpoint, values, method, self)
werkzeug.routing.exceptions.BuildError: Could not build url for endpoint 'forgot_password'. Did you mean 'dashboard' instead?
Exception on / [GET]
Traceback (most recent call last):
  File "C:\Users\Manoj\Contacts\Downloads\Web-MyOwn\Web-MyOwn\venv\Lib\site-packages\flask\app.py", line 1511, in wsgi_app
    response = self.full_dispatch_request()
  File "C:\Users\Manoj\Contacts\Downloads\Web-MyOwn\Web-MyOwn\venv\Lib\site-packages\flask\app.py", line 919, in full_dispatch_request
    rv = self.handle_user_exception(e)
  File "C:\Users\Manoj\Contacts\Downloads\Web-MyOwn\Web-MyOwn\venv\Lib\site-packages\flask\app.py", line 917, in full_dispatch_request
    rv = self.dispatch_request()
  File "C:\Users\Manoj\Contacts\Downloads\Web-MyOwn\Web-MyOwn\venv\Lib\site-packages\flask\app.py", line 902, in dispatch_request
    return self.ensure_sync(self.view_functions[rule.endpoint])(**view_args)  # type: ignore[no-any-return]
           ~~~~~~~~~~~~~~~~~~~~~~~~~~~~~~~~~~~~~~~~~~~~~~~~~~~~^^^^^^^^^^^^^
  File "C:\Users\Manoj\Contacts\Downloads\Web-MyOwn\Web-MyOwn\app.py", line 201, in home
    return render_template('login.html')
  File "C:\Users\Manoj\Contacts\Downloads\Web-MyOwn\Web-MyOwn\venv\Lib\site-packages\flask\templating.py", line 150, in render_template
    return _render(app, template, context)
  File "C:\Users\Manoj\Contacts\Downloads\Web-MyOwn\Web-MyOwn\venv\Lib\site-packages\flask\templating.py", line 131, in _render
    rv = template.render(context)
  File "C:\Users\Manoj\Contacts\Downloads\Web-MyOwn\Web-MyOwn\venv\Lib\site-packages\jinja2\environment.py", line 1295, in render
    self.environment.handle_exception()
    ~~~~~~~~~~~~~~~~~~~~~~~~~~~~~~~~~^^
  File "C:\Users\Manoj\Contacts\Downloads\Web-MyOwn\Web-MyOwn\venv\Lib\site-packages\jinja2\environment.py", line 942, in handle_exception
    raise rewrite_traceback_stack(source=source)
  File "C:\Users\Manoj\Contacts\Downloads\Web-MyOwn\Web-MyOwn\templates\login.html", line 131, in top-level template code
    <a href="#">Forgot Password?</a>
    ^^^^^^^^^^^^^^^^
  File "C:\Users\Manoj\Contacts\Downloads\Web-MyOwn\Web-MyOwn\venv\Lib\site-packages\flask\app.py", line 1121, in url_for
    return self.handle_url_build_error(error, endpoint, values)
           ~~~~~~~~~~~~~~~~~~~~~~~~~~~^^^^^^^^^^^^^^^^^^^^^^^^^
  File "C:\Users\Manoj\Contacts\Downloads\Web-MyOwn\Web-MyOwn\venv\Lib\site-packages\flask\app.py", line 1110, in url_for
    rv = url_adapter.build(  # type: ignore[union-attr]
        endpoint,
    ...<3 lines>...
        force_external=_external,
    )
  File "C:\Users\Manoj\Contacts\Downloads\Web-MyOwn\Web-MyOwn\venv\Lib\site-packages\werkzeug\routing\map.py", line 924, in build
    raise BuildError(endpoint, values, method, self)
werkzeug.routing.exceptions.BuildError: Could not build url for endpoint 'forgot_password'. Did you mean 'dashboard' instead?
Exception on / [GET]
Traceback (most recent call last):
  File "C:\Users\Manoj\Contacts\Downloads\Web-MyOwn\Web-MyOwn\venv\Lib\site-packages\flask\app.py", line 1511, in wsgi_app
    response = self.full_dispatch_request()
  File "C:\Users\Manoj\Contacts\Downloads\Web-MyOwn\Web-MyOwn\venv\Lib\site-packages\flask\app.py", line 919, in full_dispatch_request
    rv = self.handle_user_exception(e)
  File "C:\Users\Manoj\Contacts\Downloads\Web-MyOwn\Web-MyOwn\venv\Lib\site-packages\flask\app.py", line 917, in full_dispatch_request
    rv = self.dispatch_request()
  File "C:\Users\Manoj\Contacts\Downloads\Web-MyOwn\Web-MyOwn\venv\Lib\site-packages\flask\app.py", line 902, in dispatch_request
    return self.ensure_sync(self.view_functions[rule.endpoint])(**view_args)  # type: ignore[no-any-return]
           ~~~~~~~~~~~~~~~~~~~~~~~~~~~~~~~~~~~~~~~~~~~~~~~~~~~~^^^^^^^^^^^^^
  File "C:\Users\Manoj\Contacts\Downloads\Web-MyOwn\Web-MyOwn\app.py", line 201, in home
    return render_template('login.html')
  File "C:\Users\Manoj\Contacts\Downloads\Web-MyOwn\Web-MyOwn\venv\Lib\site-packages\flask\templating.py", line 150, in render_template
    return _render(app, template, context)
  File "C:\Users\Manoj\Contacts\Downloads\Web-MyOwn\Web-MyOwn\venv\Lib\site-packages\flask\templating.py", line 131, in _render
    rv = template.render(context)
  File "C:\Users\Manoj\Contacts\Downloads\Web-MyOwn\Web-MyOwn\venv\Lib\site-packages\jinja2\environment.py", line 1295, in render
    self.environment.handle_exception()
    ~~~~~~~~~~~~~~~~~~~~~~~~~~~~~~~~~^^
  File "C:\Users\Manoj\Contacts\Downloads\Web-MyOwn\Web-MyOwn\venv\Lib\site-packages\jinja2\environment.py", line 942, in handle_exception
    raise rewrite_traceback_stack(source=source)
  File "C:\Users\Manoj\Contacts\Downloads\Web-MyOwn\Web-MyOwn\templates\login.html", line 131, in top-level template code
    <a href="#">Forgot Password?</a>
    ^^^^^^^^^^^^^^^^
  File "C:\Users\Manoj\Contacts\Downloads\Web-MyOwn\Web-MyOwn\venv\Lib\site-packages\flask\app.py", line 1121, in url_for
    return self.handle_url_build_error(error, endpoint, values)
           ~~~~~~~~~~~~~~~~~~~~~~~~~~~^^^^^^^^^^^^^^^^^^^^^^^^^
  File "C:\Users\Manoj\Contacts\Downloads\Web-MyOwn\Web-MyOwn\venv\Lib\site-packages\flask\app.py", line 1110, in url_for
    rv = url_adapter.build(  # type: ignore[union-attr]
        endpoint,
    ...<3 lines>...
        force_external=_external,
    )
  File "C:\Users\Manoj\Contacts\Downloads\Web-MyOwn\Web-MyOwn\venv\Lib\site-packages\werkzeug\routing\map.py", line 924, in build
    raise BuildError(endpoint, values, method, self)
werkzeug.routing.exceptions.BuildError: Could not build url for endpoint 'forgot_password'. Did you mean 'dashboard' instead?
Exception on / [GET]
Traceback (most recent call last):
  File "C:\Users\Manoj\Contacts\Downloads\Web-MyOwn\Web-MyOwn\venv\Lib\site-packages\flask\app.py", line 1511, in wsgi_app
    response = self.full_dispatch_request()
  File "C:\Users\Manoj\Contacts\Downloads\Web-MyOwn\Web-MyOwn\venv\Lib\site-packages\flask\app.py", line 919, in full_dispatch_request
    rv = self.handle_user_exception(e)
  File "C:\Users\Manoj\Contacts\Downloads\Web-MyOwn\Web-MyOwn\venv\Lib\site-packages\flask\app.py", line 917, in full_dispatch_request
    rv = self.dispatch_request()
  File "C:\Users\Manoj\Contacts\Downloads\Web-MyOwn\Web-MyOwn\venv\Lib\site-packages\flask\app.py", line 902, in dispatch_request
    return self.ensure_sync(self.view_functions[rule.endpoint])(**view_args)  # type: ignore[no-any-return]
           ~~~~~~~~~~~~~~~~~~~~~~~~~~~~~~~~~~~~~~~~~~~~~~~~~~~~^^^^^^^^^^^^^
  File "C:\Users\Manoj\Contacts\Downloads\Web-MyOwn\Web-MyOwn\app.py", line 201, in home
    return render_template('login.html')
  File "C:\Users\Manoj\Contacts\Downloads\Web-MyOwn\Web-MyOwn\venv\Lib\site-packages\flask\templating.py", line 150, in render_template
    return _render(app, template, context)
  File "C:\Users\Manoj\Contacts\Downloads\Web-MyOwn\Web-MyOwn\venv\Lib\site-packages\flask\templating.py", line 131, in _render
    rv = template.render(context)
  File "C:\Users\Manoj\Contacts\Downloads\Web-MyOwn\Web-MyOwn\venv\Lib\site-packages\jinja2\environment.py", line 1295, in render
    self.environment.handle_exception()
    ~~~~~~~~~~~~~~~~~~~~~~~~~~~~~~~~~^^
  File "C:\Users\Manoj\Contacts\Downloads\Web-MyOwn\Web-MyOwn\venv\Lib\site-packages\jinja2\environment.py", line 942, in handle_exception
    raise rewrite_traceback_stack(source=source)
  File "C:\Users\Manoj\Contacts\Downloads\Web-MyOwn\Web-MyOwn\templates\login.html", line 131, in top-level template code
    <a href="#">Forgot Password?</a>
    ^^^^^^^^^^^^^^^^
  File "C:\Users\Manoj\Contacts\Downloads\Web-MyOwn\Web-MyOwn\venv\Lib\site-packages\flask\app.py", line 1121, in url_for
    return self.handle_url_build_error(error, endpoint, values)
           ~~~~~~~~~~~~~~~~~~~~~~~~~~~^^^^^^^^^^^^^^^^^^^^^^^^^
  File "C:\Users\Manoj\Contacts\Downloads\Web-MyOwn\Web-MyOwn\venv\Lib\site-packages\flask\app.py", line 1110, in url_for
    rv = url_adapter.build(  # type: ignore[union-attr]
        endpoint,
    ...<3 lines>...
        force_external=_external,
    )
  File "C:\Users\Manoj\Contacts\Downloads\Web-MyOwn\Web-MyOwn\venv\Lib\site-packages\werkzeug\routing\map.py", line 924, in build
    raise BuildError(endpoint, values, method, self)
werkzeug.routing.exceptions.BuildError: Could not build url for endpoint 'forgot_password'. Did you mean 'dashboard' instead?
Exception on / [GET]
Traceback (most recent call last):
  File "C:\Users\Manoj\Contacts\Downloads\Web-MyOwn\Web-MyOwn\venv\Lib\site-packages\flask\app.py", line 1511, in wsgi_app
    response = self.full_dispatch_request()
  File "C:\Users\Manoj\Contacts\Downloads\Web-MyOwn\Web-MyOwn\venv\Lib\site-packages\flask\app.py", line 919, in full_dispatch_request
    rv = self.handle_user_exception(e)
  File "C:\Users\Manoj\Contacts\Downloads\Web-MyOwn\Web-MyOwn\venv\Lib\site-packages\flask\app.py", line 917, in full_dispatch_request
    rv = self.dispatch_request()
  File "C:\Users\Manoj\Contacts\Downloads\Web-MyOwn\Web-MyOwn\venv\Lib\site-packages\flask\app.py", line 902, in dispatch_request
    return self.ensure_sync(self.view_functions[rule.endpoint])(**view_args)  # type: ignore[no-any-return]
           ~~~~~~~~~~~~~~~~~~~~~~~~~~~~~~~~~~~~~~~~~~~~~~~~~~~~^^^^^^^^^^^^^
  File "C:\Users\Manoj\Contacts\Downloads\Web-MyOwn\Web-MyOwn\app.py", line 201, in home
    return render_template('login.html')
  File "C:\Users\Manoj\Contacts\Downloads\Web-MyOwn\Web-MyOwn\venv\Lib\site-packages\flask\templating.py", line 150, in render_template
    return _render(app, template, context)
  File "C:\Users\Manoj\Contacts\Downloads\Web-MyOwn\Web-MyOwn\venv\Lib\site-packages\flask\templating.py", line 131, in _render
    rv = template.render(context)
  File "C:\Users\Manoj\Contacts\Downloads\Web-MyOwn\Web-MyOwn\venv\Lib\site-packages\jinja2\environment.py", line 1295, in render
    self.environment.handle_exception()
    ~~~~~~~~~~~~~~~~~~~~~~~~~~~~~~~~~^^
  File "C:\Users\Manoj\Contacts\Downloads\Web-MyOwn\Web-MyOwn\venv\Lib\site-packages\jinja2\environment.py", line 942, in handle_exception
    raise rewrite_traceback_stack(source=source)
  File "C:\Users\Manoj\Contacts\Downloads\Web-MyOwn\Web-MyOwn\templates\login.html", line 131, in top-level template code
    <a href="#">Forgot Password?</a>
    ^^^^^^^^^^^^^^^^
  File "C:\Users\Manoj\Contacts\Downloads\Web-MyOwn\Web-MyOwn\venv\Lib\site-packages\flask\app.py", line 1121, in url_for
    return self.handle_url_build_error(error, endpoint, values)
           ~~~~~~~~~~~~~~~~~~~~~~~~~~~^^^^^^^^^^^^^^^^^^^^^^^^^
  File "C:\Users\Manoj\Contacts\Downloads\Web-MyOwn\Web-MyOwn\venv\Lib\site-packages\flask\app.py", line 1110, in url_for
    rv = url_adapter.build(  # type: ignore[union-attr]
        endpoint,
    ...<3 lines>...
        force_external=_external,
    )
  File "C:\Users\Manoj\Contacts\Downloads\Web-MyOwn\Web-MyOwn\venv\Lib\site-packages\werkzeug\routing\map.py", line 924, in build
    raise BuildError(endpoint, values, method, self)
werkzeug.routing.exceptions.BuildError: Could not build url for endpoint 'forgot_password'. Did you mean 'dashboard' instead?
Exception on / [GET]
Traceback (most recent call last):
  File "C:\Users\Manoj\Contacts\Downloads\Web-MyOwn\Web-MyOwn\venv\Lib\site-packages\flask\app.py", line 1511, in wsgi_app
    response = self.full_dispatch_request()
  File "C:\Users\Manoj\Contacts\Downloads\Web-MyOwn\Web-MyOwn\venv\Lib\site-packages\flask\app.py", line 919, in full_dispatch_request
    rv = self.handle_user_exception(e)
  File "C:\Users\Manoj\Contacts\Downloads\Web-MyOwn\Web-MyOwn\venv\Lib\site-packages\flask\app.py", line 917, in full_dispatch_request
    rv = self.dispatch_request()
  File "C:\Users\Manoj\Contacts\Downloads\Web-MyOwn\Web-MyOwn\venv\Lib\site-packages\flask\app.py", line 902, in dispatch_request
    return self.ensure_sync(self.view_functions[rule.endpoint])(**view_args)  # type: ignore[no-any-return]
           ~~~~~~~~~~~~~~~~~~~~~~~~~~~~~~~~~~~~~~~~~~~~~~~~~~~~^^^^^^^^^^^^^
  File "C:\Users\Manoj\Contacts\Downloads\Web-MyOwn\Web-MyOwn\app.py", line 201, in home
    return render_template('login.html')
  File "C:\Users\Manoj\Contacts\Downloads\Web-MyOwn\Web-MyOwn\venv\Lib\site-packages\flask\templating.py", line 150, in render_template
    return _render(app, template, context)
  File "C:\Users\Manoj\Contacts\Downloads\Web-MyOwn\Web-MyOwn\venv\Lib\site-packages\flask\templating.py", line 131, in _render
    rv = template.render(context)
  File "C:\Users\Manoj\Contacts\Downloads\Web-MyOwn\Web-MyOwn\venv\Lib\site-packages\jinja2\environment.py", line 1295, in render
    self.environment.handle_exception()
    ~~~~~~~~~~~~~~~~~~~~~~~~~~~~~~~~~^^
  File "C:\Users\Manoj\Contacts\Downloads\Web-MyOwn\Web-MyOwn\venv\Lib\site-packages\jinja2\environment.py", line 942, in handle_exception
    raise rewrite_traceback_stack(source=source)
  File "C:\Users\Manoj\Contacts\Downloads\Web-MyOwn\Web-MyOwn\templates\login.html", line 131, in top-level template code
    <a href="#">Forgot Password?</a>
    ^^^^^^^^^^^^^^^^
  File "C:\Users\Manoj\Contacts\Downloads\Web-MyOwn\Web-MyOwn\venv\Lib\site-packages\flask\app.py", line 1121, in url_for
    return self.handle_url_build_error(error, endpoint, values)
           ~~~~~~~~~~~~~~~~~~~~~~~~~~~^^^^^^^^^^^^^^^^^^^^^^^^^
  File "C:\Users\Manoj\Contacts\Downloads\Web-MyOwn\Web-MyOwn\venv\Lib\site-packages\flask\app.py", line 1110, in url_for
    rv = url_adapter.build(  # type: ignore[union-attr]
        endpoint,
    ...<3 lines>...
        force_external=_external,
    )
  File "C:\Users\Manoj\Contacts\Downloads\Web-MyOwn\Web-MyOwn\venv\Lib\site-packages\werkzeug\routing\map.py", line 924, in build
    raise BuildError(endpoint, values, method, self)
werkzeug.routing.exceptions.BuildError: Could not build url for endpoint 'forgot_password'. Did you mean 'dashboard' instead?
Exception on / [GET]
Traceback (most recent call last):
  File "C:\Users\Manoj\Contacts\Downloads\Web-MyOwn\Web-MyOwn\venv\Lib\site-packages\flask\app.py", line 1511, in wsgi_app
    response = self.full_dispatch_request()
  File "C:\Users\Manoj\Contacts\Downloads\Web-MyOwn\Web-MyOwn\venv\Lib\site-packages\flask\app.py", line 919, in full_dispatch_request
    rv = self.handle_user_exception(e)
  File "C:\Users\Manoj\Contacts\Downloads\Web-MyOwn\Web-MyOwn\venv\Lib\site-packages\flask\app.py", line 917, in full_dispatch_request
    rv = self.dispatch_request()
  File "C:\Users\Manoj\Contacts\Downloads\Web-MyOwn\Web-MyOwn\venv\Lib\site-packages\flask\app.py", line 902, in dispatch_request
    return self.ensure_sync(self.view_functions[rule.endpoint])(**view_args)  # type: ignore[no-any-return]
           ~~~~~~~~~~~~~~~~~~~~~~~~~~~~~~~~~~~~~~~~~~~~~~~~~~~~^^^^^^^^^^^^^
  File "C:\Users\Manoj\Contacts\Downloads\Web-MyOwn\Web-MyOwn\app.py", line 201, in home
    return render_template('login.html')
  File "C:\Users\Manoj\Contacts\Downloads\Web-MyOwn\Web-MyOwn\venv\Lib\site-packages\flask\templating.py", line 150, in render_template
    return _render(app, template, context)
  File "C:\Users\Manoj\Contacts\Downloads\Web-MyOwn\Web-MyOwn\venv\Lib\site-packages\flask\templating.py", line 131, in _render
    rv = template.render(context)
  File "C:\Users\Manoj\Contacts\Downloads\Web-MyOwn\Web-MyOwn\venv\Lib\site-packages\jinja2\environment.py", line 1295, in render
    self.environment.handle_exception()
    ~~~~~~~~~~~~~~~~~~~~~~~~~~~~~~~~~^^
  File "C:\Users\Manoj\Contacts\Downloads\Web-MyOwn\Web-MyOwn\venv\Lib\site-packages\jinja2\environment.py", line 942, in handle_exception
    raise rewrite_traceback_stack(source=source)
  File "C:\Users\Manoj\Contacts\Downloads\Web-MyOwn\Web-MyOwn\templates\login.html", line 131, in top-level template code
    <a href="#">Forgot Password?</a>
    ^^^^^^^^^^^^^^^^
  File "C:\Users\Manoj\Contacts\Downloads\Web-MyOwn\Web-MyOwn\venv\Lib\site-packages\flask\app.py", line 1121, in url_for
    return self.handle_url_build_error(error, endpoint, values)
           ~~~~~~~~~~~~~~~~~~~~~~~~~~~^^^^^^^^^^^^^^^^^^^^^^^^^
  File "C:\Users\Manoj\Contacts\Downloads\Web-MyOwn\Web-MyOwn\venv\Lib\site-packages\flask\app.py", line 1110, in url_for
    rv = url_adapter.build(  # type: ignore[union-attr]
        endpoint,
    ...<3 lines>...
        force_external=_external,
    )
  File "C:\Users\Manoj\Contacts\Downloads\Web-MyOwn\Web-MyOwn\venv\Lib\site-packages\werkzeug\routing\map.py", line 924, in build
    raise BuildError(endpoint, values, method, self)
werkzeug.routing.exceptions.BuildError: Could not build url for endpoint 'forgot_password'. Did you mean 'dashboard' instead?
Exception on / [GET]
Traceback (most recent call last):
  File "C:\Users\Manoj\Contacts\Downloads\Web-MyOwn\Web-MyOwn\venv\Lib\site-packages\flask\app.py", line 1511, in wsgi_app
    response = self.full_dispatch_request()
  File "C:\Users\Manoj\Contacts\Downloads\Web-MyOwn\Web-MyOwn\venv\Lib\site-packages\flask\app.py", line 919, in full_dispatch_request
    rv = self.handle_user_exception(e)
  File "C:\Users\Manoj\Contacts\Downloads\Web-MyOwn\Web-MyOwn\venv\Lib\site-packages\flask\app.py", line 917, in full_dispatch_request
    rv = self.dispatch_request()
  File "C:\Users\Manoj\Contacts\Downloads\Web-MyOwn\Web-MyOwn\venv\Lib\site-packages\flask\app.py", line 902, in dispatch_request
    return self.ensure_sync(self.view_functions[rule.endpoint])(**view_args)  # type: ignore[no-any-return]
           ~~~~~~~~~~~~~~~~~~~~~~~~~~~~~~~~~~~~~~~~~~~~~~~~~~~~^^^^^^^^^^^^^
  File "C:\Users\Manoj\Contacts\Downloads\Web-MyOwn\Web-MyOwn\app.py", line 201, in home
    return render_template('login.html')
  File "C:\Users\Manoj\Contacts\Downloads\Web-MyOwn\Web-MyOwn\venv\Lib\site-packages\flask\templating.py", line 150, in render_template
    return _render(app, template, context)
  File "C:\Users\Manoj\Contacts\Downloads\Web-MyOwn\Web-MyOwn\venv\Lib\site-packages\flask\templating.py", line 131, in _render
    rv = template.render(context)
  File "C:\Users\Manoj\Contacts\Downloads\Web-MyOwn\Web-MyOwn\venv\Lib\site-packages\jinja2\environment.py", line 1295, in render
    self.environment.handle_exception()
    ~~~~~~~~~~~~~~~~~~~~~~~~~~~~~~~~~^^
  File "C:\Users\Manoj\Contacts\Downloads\Web-MyOwn\Web-MyOwn\venv\Lib\site-packages\jinja2\environment.py", line 942, in handle_exception
    raise rewrite_traceback_stack(source=source)
  File "C:\Users\Manoj\Contacts\Downloads\Web-MyOwn\Web-MyOwn\templates\login.html", line 131, in top-level template code
    <a href="#">Forgot Password?</a>
    ^^^^^^^^^^^^^^^^
  File "C:\Users\Manoj\Contacts\Downloads\Web-MyOwn\Web-MyOwn\venv\Lib\site-packages\flask\app.py", line 1121, in url_for
    return self.handle_url_build_error(error, endpoint, values)
           ~~~~~~~~~~~~~~~~~~~~~~~~~~~^^^^^^^^^^^^^^^^^^^^^^^^^
  File "C:\Users\Manoj\Contacts\Downloads\Web-MyOwn\Web-MyOwn\venv\Lib\site-packages\flask\app.py", line 1110, in url_for
    rv = url_adapter.build(  # type: ignore[union-attr]
        endpoint,
    ...<3 lines>...
        force_external=_external,
    )
  File "C:\Users\Manoj\Contacts\Downloads\Web-MyOwn\Web-MyOwn\venv\Lib\site-packages\werkzeug\routing\map.py", line 924, in build
    raise BuildError(endpoint, values, method, self)
werkzeug.routing.exceptions.BuildError: Could not build url for endpoint 'forgot_password'. Did you mean 'dashboard' instead?
Exception on / [GET]
Traceback (most recent call last):
  File "C:\Users\Manoj\Contacts\Downloads\Web-MyOwn\Web-MyOwn\venv\Lib\site-packages\flask\app.py", line 1511, in wsgi_app
    response = self.full_dispatch_request()
  File "C:\Users\Manoj\Contacts\Downloads\Web-MyOwn\Web-MyOwn\venv\Lib\site-packages\flask\app.py", line 919, in full_dispatch_request
    rv = self.handle_user_exception(e)
  File "C:\Users\Manoj\Contacts\Downloads\Web-MyOwn\Web-MyOwn\venv\Lib\site-packages\flask\app.py", line 917, in full_dispatch_request
    rv = self.dispatch_request()
  File "C:\Users\Manoj\Contacts\Downloads\Web-MyOwn\Web-MyOwn\venv\Lib\site-packages\flask\app.py", line 902, in dispatch_request
    return self.ensure_sync(self.view_functions[rule.endpoint])(**view_args)  # type: ignore[no-any-return]
           ~~~~~~~~~~~~~~~~~~~~~~~~~~~~~~~~~~~~~~~~~~~~~~~~~~~~^^^^^^^^^^^^^
  File "C:\Users\Manoj\Contacts\Downloads\Web-MyOwn\Web-MyOwn\app.py", line 201, in home
    return render_template('login.html')
  File "C:\Users\Manoj\Contacts\Downloads\Web-MyOwn\Web-MyOwn\venv\Lib\site-packages\flask\templating.py", line 150, in render_template
    return _render(app, template, context)
  File "C:\Users\Manoj\Contacts\Downloads\Web-MyOwn\Web-MyOwn\venv\Lib\site-packages\flask\templating.py", line 131, in _render
    rv = template.render(context)
  File "C:\Users\Manoj\Contacts\Downloads\Web-MyOwn\Web-MyOwn\venv\Lib\site-packages\jinja2\environment.py", line 1295, in render
    self.environment.handle_exception()
    ~~~~~~~~~~~~~~~~~~~~~~~~~~~~~~~~~^^
  File "C:\Users\Manoj\Contacts\Downloads\Web-MyOwn\Web-MyOwn\venv\Lib\site-packages\jinja2\environment.py", line 942, in handle_exception
    raise rewrite_traceback_stack(source=source)
  File "C:\Users\Manoj\Contacts\Downloads\Web-MyOwn\Web-MyOwn\templates\login.html", line 131, in top-level template code
    <a href="#">Forgot Password?</a>
    ^^^^^^^^^^^^^^^^
  File "C:\Users\Manoj\Contacts\Downloads\Web-MyOwn\Web-MyOwn\venv\Lib\site-packages\flask\app.py", line 1121, in url_for
    return self.handle_url_build_error(error, endpoint, values)
           ~~~~~~~~~~~~~~~~~~~~~~~~~~~^^^^^^^^^^^^^^^^^^^^^^^^^
  File "C:\Users\Manoj\Contacts\Downloads\Web-MyOwn\Web-MyOwn\venv\Lib\site-packages\flask\app.py", line 1110, in url_for
    rv = url_adapter.build(  # type: ignore[union-attr]
        endpoint,
    ...<3 lines>...
        force_external=_external,
    )
  File "C:\Users\Manoj\Contacts\Downloads\Web-MyOwn\Web-MyOwn\venv\Lib\site-packages\werkzeug\routing\map.py", line 924, in build
    raise BuildError(endpoint, values, method, self)
werkzeug.routing.exceptions.BuildError: Could not build url for endpoint 'forgot_password'. Did you mean 'dashboard' instead?
Error processing aptitude test: can only concatenate list (not "int") to list
Exception on /aptitude_test [POST]
Traceback (most recent call last):
  File "C:\Users\Manoj\Contacts\Downloads\Web-MyOwn\Web-MyOwn\app.py", line 296, in aptitude_test
  File "C:\Users\Manoj\Contacts\Downloads\Web-MyOwn\Web-MyOwn\app.py", line 125, in calculate_score
    return random.sample(questions, min(count, len(questions))) if questions else []
                      ^^^^^^^^^^^^^^^^^
TypeError: can only concatenate list (not "int") to list

During handling of the above exception, another exception occurred:

Traceback (most recent call last):
  File "C:\Users\Manoj\Contacts\Downloads\Web-MyOwn\Web-MyOwn\venv\Lib\site-packages\flask\app.py", line 1511, in wsgi_app
    response = self.full_dispatch_request()
  File "C:\Users\Manoj\Contacts\Downloads\Web-MyOwn\Web-MyOwn\venv\Lib\site-packages\flask\app.py", line 919, in full_dispatch_request
    rv = self.handle_user_exception(e)
  File "C:\Users\Manoj\Contacts\Downloads\Web-MyOwn\Web-MyOwn\venv\Lib\site-packages\flask\app.py", line 917, in full_dispatch_request
    rv = self.dispatch_request()
  File "C:\Users\Manoj\Contacts\Downloads\Web-MyOwn\Web-MyOwn\venv\Lib\site-packages\flask\app.py", line 902, in dispatch_request
    return self.ensure_sync(self.view_functions[rule.endpoint])(**view_args)  # type: ignore[no-any-return]
           ~~~~~~~~~~~~~~~~~~~~~~~~~~~~~~~~~~~~~~~~~~~~~~~~~~~~^^^^^^^^^^^^^
  File "C:\Users\Manoj\Contacts\Downloads\Web-MyOwn\Web-MyOwn\app.py", line 302, in aptitude_test
    questions = load_questions('data/Apquestions.csv', delimiter=';')
       ^^^^^^^^^^^^^^^^^^^^^^^^^^^^^^^^^^^^^^^^^^^^^^^^^^^^^^^^^^^^^^
  File "C:\Users\Manoj\Contacts\Downloads\Web-MyOwn\Web-MyOwn\venv\Lib\site-packages\flask\templating.py", line 149, in render_template
    template = app.jinja_env.get_or_select_template(template_name_or_list)
  File "C:\Users\Manoj\Contacts\Downloads\Web-MyOwn\Web-MyOwn\venv\Lib\site-packages\jinja2\environment.py", line 1087, in get_or_select_template
    return self.get_template(template_name_or_list, parent, globals)
           ~~~~~~~~~~~~~~~~~^^^^^^^^^^^^^^^^^^^^^^^^^^^^^^^^^^^^^^^^
  File "C:\Users\Manoj\Contacts\Downloads\Web-MyOwn\Web-MyOwn\venv\Lib\site-packages\jinja2\environment.py", line 1016, in get_template
    return self._load_template(name, globals)
           ~~~~~~~~~~~~~~~~~~~^^^^^^^^^^^^^^^
  File "C:\Users\Manoj\Contacts\Downloads\Web-MyOwn\Web-MyOwn\venv\Lib\site-packages\jinja2\environment.py", line 975, in _load_template
    template = self.loader.load(self, name, self.make_globals(globals))
  File "C:\Users\Manoj\Contacts\Downloads\Web-MyOwn\Web-MyOwn\venv\Lib\site-packages\jinja2\loaders.py", line 126, in load
    source, filename, uptodate = self.get_source(environment, name)
                                 ~~~~~~~~~~~~~~~^^^^^^^^^^^^^^^^^^^
  File "C:\Users\Manoj\Contacts\Downloads\Web-MyOwn\Web-MyOwn\venv\Lib\site-packages\flask\templating.py", line 65, in get_source
    return self._get_source_fast(environment, template)
           ~~~~~~~~~~~~~~~~~~~~~^^^^^^^^^^^^^^^^^^^^^^^
  File "C:\Users\Manoj\Contacts\Downloads\Web-MyOwn\Web-MyOwn\venv\Lib\site-packages\flask\templating.py", line 99, in _get_source_fast
    raise TemplateNotFound(template)
jinja2.exceptions.TemplateNotFound: error.html
Error processing aptitude test: can only concatenate list (not "int") to list
Exception on /aptitude_test [POST]
Traceback (most recent call last):
  File "C:\Users\Manoj\Contacts\Downloads\Web-MyOwn\Web-MyOwn\app.py", line 296, in aptitude_test
  File "C:\Users\Manoj\Contacts\Downloads\Web-MyOwn\Web-MyOwn\app.py", line 125, in calculate_score
    return random.sample(questions, min(count, len(questions))) if questions else []
                      ^^^^^^^^^^^^^^^^^
TypeError: can only concatenate list (not "int") to list

During handling of the above exception, another exception occurred:

Traceback (most recent call last):
  File "C:\Users\Manoj\Contacts\Downloads\Web-MyOwn\Web-MyOwn\venv\Lib\site-packages\flask\app.py", line 1511, in wsgi_app
    response = self.full_dispatch_request()
  File "C:\Users\Manoj\Contacts\Downloads\Web-MyOwn\Web-MyOwn\venv\Lib\site-packages\flask\app.py", line 919, in full_dispatch_request
    rv = self.handle_user_exception(e)
  File "C:\Users\Manoj\Contacts\Downloads\Web-MyOwn\Web-MyOwn\venv\Lib\site-packages\flask\app.py", line 917, in full_dispatch_request
    rv = self.dispatch_request()
  File "C:\Users\Manoj\Contacts\Downloads\Web-MyOwn\Web-MyOwn\venv\Lib\site-packages\flask\app.py", line 902, in dispatch_request
    return self.ensure_sync(self.view_functions[rule.endpoint])(**view_args)  # type: ignore[no-any-return]
           ~~~~~~~~~~~~~~~~~~~~~~~~~~~~~~~~~~~~~~~~~~~~~~~~~~~~^^^^^^^^^^^^^
  File "C:\Users\Manoj\Contacts\Downloads\Web-MyOwn\Web-MyOwn\app.py", line 302, in aptitude_test
    questions = load_questions('data/Apquestions.csv', delimiter=';')
       ^^^^^^^^^^^^^^^^^^^^^^^^^^^^^^^^^^^^^^^^^^^^^^^^^^^^^^^^^^^^^^
  File "C:\Users\Manoj\Contacts\Downloads\Web-MyOwn\Web-MyOwn\venv\Lib\site-packages\flask\templating.py", line 149, in render_template
    template = app.jinja_env.get_or_select_template(template_name_or_list)
  File "C:\Users\Manoj\Contacts\Downloads\Web-MyOwn\Web-MyOwn\venv\Lib\site-packages\jinja2\environment.py", line 1087, in get_or_select_template
    return self.get_template(template_name_or_list, parent, globals)
           ~~~~~~~~~~~~~~~~~^^^^^^^^^^^^^^^^^^^^^^^^^^^^^^^^^^^^^^^^
  File "C:\Users\Manoj\Contacts\Downloads\Web-MyOwn\Web-MyOwn\venv\Lib\site-packages\jinja2\environment.py", line 1016, in get_template
    return self._load_template(name, globals)
           ~~~~~~~~~~~~~~~~~~~^^^^^^^^^^^^^^^
  File "C:\Users\Manoj\Contacts\Downloads\Web-MyOwn\Web-MyOwn\venv\Lib\site-packages\jinja2\environment.py", line 975, in _load_template
    template = self.loader.load(self, name, self.make_globals(globals))
  File "C:\Users\Manoj\Contacts\Downloads\Web-MyOwn\Web-MyOwn\venv\Lib\site-packages\jinja2\loaders.py", line 126, in load
    source, filename, uptodate = self.get_source(environment, name)
                                 ~~~~~~~~~~~~~~~^^^^^^^^^^^^^^^^^^^
  File "C:\Users\Manoj\Contacts\Downloads\Web-MyOwn\Web-MyOwn\venv\Lib\site-packages\flask\templating.py", line 65, in get_source
    return self._get_source_fast(environment, template)
           ~~~~~~~~~~~~~~~~~~~~~^^^^^^^^^^^^^^^^^^^^^^^
  File "C:\Users\Manoj\Contacts\Downloads\Web-MyOwn\Web-MyOwn\venv\Lib\site-packages\flask\templating.py", line 99, in _get_source_fast
    raise TemplateNotFound(template)
jinja2.exceptions.TemplateNotFound: error.html
Error processing aptitude test: can only concatenate list (not "int") to list
Exception on /aptitude_test [POST]
Traceback (most recent call last):
  File "C:\Users\Manoj\Contacts\Downloads\Web-MyOwn\Web-MyOwn\app.py", line 296, in aptitude_test
    if 'cgpa' not in session:
    
  File "C:\Users\Manoj\Contacts\Downloads\Web-MyOwn\Web-MyOwn\app.py", line 125, in calculate_score
TypeError: can only concatenate list (not "int") to list

During handling of the above exception, another exception occurred:

Traceback (most recent call last):
  File "C:\Users\Manoj\Contacts\Downloads\Web-MyOwn\Web-MyOwn\venv\Lib\site-packages\flask\app.py", line 1511, in wsgi_app
    response = self.full_dispatch_request()
  File "C:\Users\Manoj\Contacts\Downloads\Web-MyOwn\Web-MyOwn\venv\Lib\site-packages\flask\app.py", line 919, in full_dispatch_request
    rv = self.handle_user_exception(e)
  File "C:\Users\Manoj\Contacts\Downloads\Web-MyOwn\Web-MyOwn\venv\Lib\site-packages\flask\app.py", line 917, in full_dispatch_request
    rv = self.dispatch_request()
  File "C:\Users\Manoj\Contacts\Downloads\Web-MyOwn\Web-MyOwn\venv\Lib\site-packages\flask\app.py", line 902, in dispatch_request
    return self.ensure_sync(self.view_functions[rule.endpoint])(**view_args)  # type: ignore[no-any-return]
           ~~~~~~~~~~~~~~~~~~~~~~~~~~~~~~~~~~~~~~~~~~~~~~~~~~~~^^^^^^^^^^^^^
  File "C:\Users\Manoj\Contacts\Downloads\Web-MyOwn\Web-MyOwn\app.py", line 302, in aptitude_test
    flash('Test questions expired. Restarting test.', 'error')
           ^^^^^^^^^^^^^^^^^^^^^^^^^^^^^^^^^^^^^^^^^^^^^^^^^^^
  File "C:\Users\Manoj\Contacts\Downloads\Web-MyOwn\Web-MyOwn\venv\Lib\site-packages\flask\templating.py", line 149, in render_template
    template = app.jinja_env.get_or_select_template(template_name_or_list)
  File "C:\Users\Manoj\Contacts\Downloads\Web-MyOwn\Web-MyOwn\venv\Lib\site-packages\jinja2\environment.py", line 1087, in get_or_select_template
    return self.get_template(template_name_or_list, parent, globals)
           ~~~~~~~~~~~~~~~~~^^^^^^^^^^^^^^^^^^^^^^^^^^^^^^^^^^^^^^^^
  File "C:\Users\Manoj\Contacts\Downloads\Web-MyOwn\Web-MyOwn\venv\Lib\site-packages\jinja2\environment.py", line 1016, in get_template
    return self._load_template(name, globals)
           ~~~~~~~~~~~~~~~~~~~^^^^^^^^^^^^^^^
  File "C:\Users\Manoj\Contacts\Downloads\Web-MyOwn\Web-MyOwn\venv\Lib\site-packages\jinja2\environment.py", line 975, in _load_template
    template = self.loader.load(self, name, self.make_globals(globals))
  File "C:\Users\Manoj\Contacts\Downloads\Web-MyOwn\Web-MyOwn\venv\Lib\site-packages\jinja2\loaders.py", line 126, in load
    source, filename, uptodate = self.get_source(environment, name)
                                 ~~~~~~~~~~~~~~~^^^^^^^^^^^^^^^^^^^
  File "C:\Users\Manoj\Contacts\Downloads\Web-MyOwn\Web-MyOwn\venv\Lib\site-packages\flask\templating.py", line 65, in get_source
    return self._get_source_fast(environment, template)
           ~~~~~~~~~~~~~~~~~~~~~^^^^^^^^^^^^^^^^^^^^^^^
  File "C:\Users\Manoj\Contacts\Downloads\Web-MyOwn\Web-MyOwn\venv\Lib\site-packages\flask\templating.py", line 99, in _get_source_fast
    raise TemplateNotFound(template)
jinja2.exceptions.TemplateNotFound: error.html
Error processing aptitude test: can only concatenate list (not "int") to list
Exception on /aptitude_test [POST]
Traceback (most recent call last):
  File "C:\Users\Manoj\Contacts\Downloads\Web-MyOwn\Web-MyOwn\app.py", line 296, in aptitude_test
    if 'cgpa' not in session:
    
  File "C:\Users\Manoj\Contacts\Downloads\Web-MyOwn\Web-MyOwn\app.py", line 125, in calculate_score
TypeError: can only concatenate list (not "int") to list

During handling of the above exception, another exception occurred:

Traceback (most recent call last):
  File "C:\Users\Manoj\Contacts\Downloads\Web-MyOwn\Web-MyOwn\venv\Lib\site-packages\flask\app.py", line 1511, in wsgi_app
    response = self.full_dispatch_request()
  File "C:\Users\Manoj\Contacts\Downloads\Web-MyOwn\Web-MyOwn\venv\Lib\site-packages\flask\app.py", line 919, in full_dispatch_request
    rv = self.handle_user_exception(e)
  File "C:\Users\Manoj\Contacts\Downloads\Web-MyOwn\Web-MyOwn\venv\Lib\site-packages\flask\app.py", line 917, in full_dispatch_request
    rv = self.dispatch_request()
  File "C:\Users\Manoj\Contacts\Downloads\Web-MyOwn\Web-MyOwn\venv\Lib\site-packages\flask\app.py", line 902, in dispatch_request
    return self.ensure_sync(self.view_functions[rule.endpoint])(**view_args)  # type: ignore[no-any-return]
           ~~~~~~~~~~~~~~~~~~~~~~~~~~~~~~~~~~~~~~~~~~~~~~~~~~~~^^^^^^^^^^^^^
  File "C:\Users\Manoj\Contacts\Downloads\Web-MyOwn\Web-MyOwn\app.py", line 302, in aptitude_test
    flash('Test questions expired. Restarting test.', 'error')
           ^^^^^^^^^^^^^^^^^^^^^^^^^^^^^^^^^^^^^^^^^^^^^^^^^^^
  File "C:\Users\Manoj\Contacts\Downloads\Web-MyOwn\Web-MyOwn\venv\Lib\site-packages\flask\templating.py", line 149, in render_template
    template = app.jinja_env.get_or_select_template(template_name_or_list)
  File "C:\Users\Manoj\Contacts\Downloads\Web-MyOwn\Web-MyOwn\venv\Lib\site-packages\jinja2\environment.py", line 1087, in get_or_select_template
    return self.get_template(template_name_or_list, parent, globals)
           ~~~~~~~~~~~~~~~~~^^^^^^^^^^^^^^^^^^^^^^^^^^^^^^^^^^^^^^^^
  File "C:\Users\Manoj\Contacts\Downloads\Web-MyOwn\Web-MyOwn\venv\Lib\site-packages\jinja2\environment.py", line 1016, in get_template
    return self._load_template(name, globals)
           ~~~~~~~~~~~~~~~~~~~^^^^^^^^^^^^^^^
  File "C:\Users\Manoj\Contacts\Downloads\Web-MyOwn\Web-MyOwn\venv\Lib\site-packages\jinja2\environment.py", line 975, in _load_template
    template = self.loader.load(self, name, self.make_globals(globals))
  File "C:\Users\Manoj\Contacts\Downloads\Web-MyOwn\Web-MyOwn\venv\Lib\site-packages\jinja2\loaders.py", line 126, in load
    source, filename, uptodate = self.get_source(environment, name)
                                 ~~~~~~~~~~~~~~~^^^^^^^^^^^^^^^^^^^
  File "C:\Users\Manoj\Contacts\Downloads\Web-MyOwn\Web-MyOwn\venv\Lib\site-packages\flask\templating.py", line 65, in get_source
    return self._get_source_fast(environment, template)
           ~~~~~~~~~~~~~~~~~~~~~^^^^^^^^^^^^^^^^^^^^^^^
  File "C:\Users\Manoj\Contacts\Downloads\Web-MyOwn\Web-MyOwn\venv\Lib\site-packages\flask\templating.py", line 99, in _get_source_fast
    raise TemplateNotFound(template)
jinja2.exceptions.TemplateNotFound: error.html
Error processing aptitude test: can only concatenate list (not "int") to list
Exception on /aptitude_test [POST]
Traceback (most recent call last):
  File "C:\Users\Manoj\Contacts\Downloads\Web-MyOwn\Web-MyOwn\app.py", line 296, in aptitude_test
    if 'cgpa' not in session:
    
  File "C:\Users\Manoj\Contacts\Downloads\Web-MyOwn\Web-MyOwn\app.py", line 125, in calculate_score
TypeError: can only concatenate list (not "int") to list

During handling of the above exception, another exception occurred:

Traceback (most recent call last):
  File "C:\Users\Manoj\Contacts\Downloads\Web-MyOwn\Web-MyOwn\venv\Lib\site-packages\flask\app.py", line 1511, in wsgi_app
    response = self.full_dispatch_request()
  File "C:\Users\Manoj\Contacts\Downloads\Web-MyOwn\Web-MyOwn\venv\Lib\site-packages\flask\app.py", line 919, in full_dispatch_request
    rv = self.handle_user_exception(e)
  File "C:\Users\Manoj\Contacts\Downloads\Web-MyOwn\Web-MyOwn\venv\Lib\site-packages\flask\app.py", line 917, in full_dispatch_request
    rv = self.dispatch_request()
  File "C:\Users\Manoj\Contacts\Downloads\Web-MyOwn\Web-MyOwn\venv\Lib\site-packages\flask\app.py", line 902, in dispatch_request
    return self.ensure_sync(self.view_functions[rule.endpoint])(**view_args)  # type: ignore[no-any-return]
           ~~~~~~~~~~~~~~~~~~~~~~~~~~~~~~~~~~~~~~~~~~~~~~~~~~~~^^^^^^^^^^^^^
  File "C:\Users\Manoj\Contacts\Downloads\Web-MyOwn\Web-MyOwn\app.py", line 302, in aptitude_test
    flash('Test questions expired. Restarting test.', 'error')
           ^^^^^^^^^^^^^^^^^^^^^^^^^^^^^^^^^^^^^^^^^^^^^^^^^^^
  File "C:\Users\Manoj\Contacts\Downloads\Web-MyOwn\Web-MyOwn\venv\Lib\site-packages\flask\templating.py", line 149, in render_template
    template = app.jinja_env.get_or_select_template(template_name_or_list)
  File "C:\Users\Manoj\Contacts\Downloads\Web-MyOwn\Web-MyOwn\venv\Lib\site-packages\jinja2\environment.py", line 1087, in get_or_select_template
    return self.get_template(template_name_or_list, parent, globals)
           ~~~~~~~~~~~~~~~~~^^^^^^^^^^^^^^^^^^^^^^^^^^^^^^^^^^^^^^^^
  File "C:\Users\Manoj\Contacts\Downloads\Web-MyOwn\Web-MyOwn\venv\Lib\site-packages\jinja2\environment.py", line 1016, in get_template
    return self._load_template(name, globals)
           ~~~~~~~~~~~~~~~~~~~^^^^^^^^^^^^^^^
  File "C:\Users\Manoj\Contacts\Downloads\Web-MyOwn\Web-MyOwn\venv\Lib\site-packages\jinja2\environment.py", line 975, in _load_template
    template = self.loader.load(self, name, self.make_globals(globals))
  File "C:\Users\Manoj\Contacts\Downloads\Web-MyOwn\Web-MyOwn\venv\Lib\site-packages\jinja2\loaders.py", line 126, in load
    source, filename, uptodate = self.get_source(environment, name)
                                 ~~~~~~~~~~~~~~~^^^^^^^^^^^^^^^^^^^
  File "C:\Users\Manoj\Contacts\Downloads\Web-MyOwn\Web-MyOwn\venv\Lib\site-packages\flask\templating.py", line 65, in get_source
    return self._get_source_fast(environment, template)
           ~~~~~~~~~~~~~~~~~~~~~^^^^^^^^^^^^^^^^^^^^^^^
  File "C:\Users\Manoj\Contacts\Downloads\Web-MyOwn\Web-MyOwn\venv\Lib\site-packages\flask\templating.py", line 99, in _get_source_fast
    raise TemplateNotFound(template)
jinja2.exceptions.TemplateNotFound: error.html
Error processing aptitude test: can only concatenate list (not "int") to list
Exception on /aptitude_test [POST]
Traceback (most recent call last):
  File "C:\Users\Manoj\Contacts\Downloads\Web-MyOwn\Web-MyOwn\app.py", line 296, in aptitude_test
    if 'cgpa' not in session:
    
  File "C:\Users\Manoj\Contacts\Downloads\Web-MyOwn\Web-MyOwn\app.py", line 125, in calculate_score
TypeError: can only concatenate list (not "int") to list

During handling of the above exception, another exception occurred:

Traceback (most recent call last):
  File "C:\Users\Manoj\Contacts\Downloads\Web-MyOwn\Web-MyOwn\venv\Lib\site-packages\flask\app.py", line 1511, in wsgi_app
    response = self.full_dispatch_request()
  File "C:\Users\Manoj\Contacts\Downloads\Web-MyOwn\Web-MyOwn\venv\Lib\site-packages\flask\app.py", line 919, in full_dispatch_request
    rv = self.handle_user_exception(e)
  File "C:\Users\Manoj\Contacts\Downloads\Web-MyOwn\Web-MyOwn\venv\Lib\site-packages\flask\app.py", line 917, in full_dispatch_request
    rv = self.dispatch_request()
  File "C:\Users\Manoj\Contacts\Downloads\Web-MyOwn\Web-MyOwn\venv\Lib\site-packages\flask\app.py", line 902, in dispatch_request
    return self.ensure_sync(self.view_functions[rule.endpoint])(**view_args)  # type: ignore[no-any-return]
           ~~~~~~~~~~~~~~~~~~~~~~~~~~~~~~~~~~~~~~~~~~~~~~~~~~~~^^^^^^^^^^^^^
  File "C:\Users\Manoj\Contacts\Downloads\Web-MyOwn\Web-MyOwn\app.py", line 302, in aptitude_test
    flash('Test questions expired. Restarting test.', 'error')
           ^^^^^^^^^^^^^^^^^^^^^^^^^^^^^^^^^^^^^^^^^^^^^^^^^^^
  File "C:\Users\Manoj\Contacts\Downloads\Web-MyOwn\Web-MyOwn\venv\Lib\site-packages\flask\templating.py", line 149, in render_template
    template = app.jinja_env.get_or_select_template(template_name_or_list)
  File "C:\Users\Manoj\Contacts\Downloads\Web-MyOwn\Web-MyOwn\venv\Lib\site-packages\jinja2\environment.py", line 1087, in get_or_select_template
    return self.get_template(template_name_or_list, parent, globals)
           ~~~~~~~~~~~~~~~~~^^^^^^^^^^^^^^^^^^^^^^^^^^^^^^^^^^^^^^^^
  File "C:\Users\Manoj\Contacts\Downloads\Web-MyOwn\Web-MyOwn\venv\Lib\site-packages\jinja2\environment.py", line 1016, in get_template
    return self._load_template(name, globals)
           ~~~~~~~~~~~~~~~~~~~^^^^^^^^^^^^^^^
  File "C:\Users\Manoj\Contacts\Downloads\Web-MyOwn\Web-MyOwn\venv\Lib\site-packages\jinja2\environment.py", line 975, in _load_template
    template = self.loader.load(self, name, self.make_globals(globals))
  File "C:\Users\Manoj\Contacts\Downloads\Web-MyOwn\Web-MyOwn\venv\Lib\site-packages\jinja2\loaders.py", line 126, in load
    source, filename, uptodate = self.get_source(environment, name)
                                 ~~~~~~~~~~~~~~~^^^^^^^^^^^^^^^^^^^
  File "C:\Users\Manoj\Contacts\Downloads\Web-MyOwn\Web-MyOwn\venv\Lib\site-packages\flask\templating.py", line 65, in get_source
    return self._get_source_fast(environment, template)
           ~~~~~~~~~~~~~~~~~~~~~^^^^^^^^^^^^^^^^^^^^^^^
  File "C:\Users\Manoj\Contacts\Downloads\Web-MyOwn\Web-MyOwn\venv\Lib\site-packages\flask\templating.py", line 99, in _get_source_fast
    raise TemplateNotFound(template)
jinja2.exceptions.TemplateNotFound: error.html
Error processing aptitude test: can only concatenate list (not "int") to list
Exception on /aptitude_test [POST]
Traceback (most recent call last):
  File "C:\Users\Manoj\Contacts\Downloads\Web-MyOwn\Web-MyOwn\app.py", line 296, in aptitude_test
    if 'cgpa' not in session:
    
  File "C:\Users\Manoj\Contacts\Downloads\Web-MyOwn\Web-MyOwn\app.py", line 125, in calculate_score
TypeError: can only concatenate list (not "int") to list

During handling of the above exception, another exception occurred:

Traceback (most recent call last):
  File "C:\Users\Manoj\Contacts\Downloads\Web-MyOwn\Web-MyOwn\venv\Lib\site-packages\flask\app.py", line 1511, in wsgi_app
    response = self.full_dispatch_request()
  File "C:\Users\Manoj\Contacts\Downloads\Web-MyOwn\Web-MyOwn\venv\Lib\site-packages\flask\app.py", line 919, in full_dispatch_request
    rv = self.handle_user_exception(e)
  File "C:\Users\Manoj\Contacts\Downloads\Web-MyOwn\Web-MyOwn\venv\Lib\site-packages\flask\app.py", line 917, in full_dispatch_request
    rv = self.dispatch_request()
  File "C:\Users\Manoj\Contacts\Downloads\Web-MyOwn\Web-MyOwn\venv\Lib\site-packages\flask\app.py", line 902, in dispatch_request
    return self.ensure_sync(self.view_functions[rule.endpoint])(**view_args)  # type: ignore[no-any-return]
           ~~~~~~~~~~~~~~~~~~~~~~~~~~~~~~~~~~~~~~~~~~~~~~~~~~~~^^^^^^^^^^^^^
  File "C:\Users\Manoj\Contacts\Downloads\Web-MyOwn\Web-MyOwn\app.py", line 302, in aptitude_test
    flash('Test questions expired. Restarting test.', 'error')
           ^^^^^^^^^^^^^^^^^^^^^^^^^^^^^^^^^^^^^^^^^^^^^^^^^^^
  File "C:\Users\Manoj\Contacts\Downloads\Web-MyOwn\Web-MyOwn\venv\Lib\site-packages\flask\templating.py", line 149, in render_template
    template = app.jinja_env.get_or_select_template(template_name_or_list)
  File "C:\Users\Manoj\Contacts\Downloads\Web-MyOwn\Web-MyOwn\venv\Lib\site-packages\jinja2\environment.py", line 1087, in get_or_select_template
    return self.get_template(template_name_or_list, parent, globals)
           ~~~~~~~~~~~~~~~~~^^^^^^^^^^^^^^^^^^^^^^^^^^^^^^^^^^^^^^^^
  File "C:\Users\Manoj\Contacts\Downloads\Web-MyOwn\Web-MyOwn\venv\Lib\site-packages\jinja2\environment.py", line 1016, in get_template
    return self._load_template(name, globals)
           ~~~~~~~~~~~~~~~~~~~^^^^^^^^^^^^^^^
  File "C:\Users\Manoj\Contacts\Downloads\Web-MyOwn\Web-MyOwn\venv\Lib\site-packages\jinja2\environment.py", line 975, in _load_template
    template = self.loader.load(self, name, self.make_globals(globals))
  File "C:\Users\Manoj\Contacts\Downloads\Web-MyOwn\Web-MyOwn\venv\Lib\site-packages\jinja2\loaders.py", line 126, in load
    source, filename, uptodate = self.get_source(environment, name)
                                 ~~~~~~~~~~~~~~~^^^^^^^^^^^^^^^^^^^
  File "C:\Users\Manoj\Contacts\Downloads\Web-MyOwn\Web-MyOwn\venv\Lib\site-packages\flask\templating.py", line 65, in get_source
    return self._get_source_fast(environment, template)
           ~~~~~~~~~~~~~~~~~~~~~^^^^^^^^^^^^^^^^^^^^^^^
  File "C:\Users\Manoj\Contacts\Downloads\Web-MyOwn\Web-MyOwn\venv\Lib\site-packages\flask\templating.py", line 99, in _get_source_fast
    raise TemplateNotFound(template)
jinja2.exceptions.TemplateNotFound: error.html
Error processing aptitude test: can only concatenate list (not "int") to list
Exception on /aptitude_test [POST]
Traceback (most recent call last):
  File "C:\Users\Manoj\Contacts\Downloads\Web-MyOwn\Web-MyOwn\app.py", line 296, in aptitude_test
    if 'cgpa' not in session:
    
  File "C:\Users\Manoj\Contacts\Downloads\Web-MyOwn\Web-MyOwn\app.py", line 125, in calculate_score
TypeError: can only concatenate list (not "int") to list

During handling of the above exception, another exception occurred:

Traceback (most recent call last):
  File "C:\Users\Manoj\Contacts\Downloads\Web-MyOwn\Web-MyOwn\venv\Lib\site-packages\flask\app.py", line 1511, in wsgi_app
    response = self.full_dispatch_request()
  File "C:\Users\Manoj\Contacts\Downloads\Web-MyOwn\Web-MyOwn\venv\Lib\site-packages\flask\app.py", line 919, in full_dispatch_request
    rv = self.handle_user_exception(e)
  File "C:\Users\Manoj\Contacts\Downloads\Web-MyOwn\Web-MyOwn\venv\Lib\site-packages\flask\app.py", line 917, in full_dispatch_request
    rv = self.dispatch_request()
  File "C:\Users\Manoj\Contacts\Downloads\Web-MyOwn\Web-MyOwn\venv\Lib\site-packages\flask\app.py", line 902, in dispatch_request
    return self.ensure_sync(self.view_functions[rule.endpoint])(**view_args)  # type: ignore[no-any-return]
           ~~~~~~~~~~~~~~~~~~~~~~~~~~~~~~~~~~~~~~~~~~~~~~~~~~~~^^^^^^^^^^^^^
  File "C:\Users\Manoj\Contacts\Downloads\Web-MyOwn\Web-MyOwn\app.py", line 302, in aptitude_test
    flash('Test questions expired. Restarting test.', 'error')
           ^^^^^^^^^^^^^^^^^^^^^^^^^^^^^^^^^^^^^^^^^^^^^^^^^^^
  File "C:\Users\Manoj\Contacts\Downloads\Web-MyOwn\Web-MyOwn\venv\Lib\site-packages\flask\templating.py", line 149, in render_template
    template = app.jinja_env.get_or_select_template(template_name_or_list)
  File "C:\Users\Manoj\Contacts\Downloads\Web-MyOwn\Web-MyOwn\venv\Lib\site-packages\jinja2\environment.py", line 1087, in get_or_select_template
    return self.get_template(template_name_or_list, parent, globals)
           ~~~~~~~~~~~~~~~~~^^^^^^^^^^^^^^^^^^^^^^^^^^^^^^^^^^^^^^^^
  File "C:\Users\Manoj\Contacts\Downloads\Web-MyOwn\Web-MyOwn\venv\Lib\site-packages\jinja2\environment.py", line 1016, in get_template
    return self._load_template(name, globals)
           ~~~~~~~~~~~~~~~~~~~^^^^^^^^^^^^^^^
  File "C:\Users\Manoj\Contacts\Downloads\Web-MyOwn\Web-MyOwn\venv\Lib\site-packages\jinja2\environment.py", line 975, in _load_template
    template = self.loader.load(self, name, self.make_globals(globals))
  File "C:\Users\Manoj\Contacts\Downloads\Web-MyOwn\Web-MyOwn\venv\Lib\site-packages\jinja2\loaders.py", line 126, in load
    source, filename, uptodate = self.get_source(environment, name)
                                 ~~~~~~~~~~~~~~~^^^^^^^^^^^^^^^^^^^
  File "C:\Users\Manoj\Contacts\Downloads\Web-MyOwn\Web-MyOwn\venv\Lib\site-packages\flask\templating.py", line 65, in get_source
    return self._get_source_fast(environment, template)
           ~~~~~~~~~~~~~~~~~~~~~^^^^^^^^^^^^^^^^^^^^^^^
  File "C:\Users\Manoj\Contacts\Downloads\Web-MyOwn\Web-MyOwn\venv\Lib\site-packages\flask\templating.py", line 99, in _get_source_fast
    raise TemplateNotFound(template)
jinja2.exceptions.TemplateNotFound: error.html
Exception on /aptitude_test [GET]
Traceback (most recent call last):
  File "C:\Users\Manoj\Contacts\Downloads\Web-MyOwn\Web-MyOwn\venv\Lib\site-packages\flask\app.py", line 1511, in wsgi_app
    response = self.full_dispatch_request()
  File "C:\Users\Manoj\Contacts\Downloads\Web-MyOwn\Web-MyOwn\venv\Lib\site-packages\flask\app.py", line 919, in full_dispatch_request
    rv = self.handle_user_exception(e)
  File "C:\Users\Manoj\Contacts\Downloads\Web-MyOwn\Web-MyOwn\venv\Lib\site-packages\flask\app.py", line 917, in full_dispatch_request
    rv = self.dispatch_request()
  File "C:\Users\Manoj\Contacts\Downloads\Web-MyOwn\Web-MyOwn\venv\Lib\site-packages\flask\app.py", line 902, in dispatch_request
    return self.ensure_sync(self.view_functions[rule.endpoint])(**view_args)  # type: ignore[no-any-return]
           ~~~~~~~~~~~~~~~~~~~~~~~~~~~~~~~~~~~~~~~~~~~~~~~~~~~~^^^^^^^^^^^^^
  File "C:\Users\Manoj\Contacts\Downloads\Web-MyOwn\Web-MyOwn\app.py", line 324, in aptitude_test
    questions = load_questions('data/Apquestions.csv', delimiter=';')
                    ^^^^^^^^^^^^^^^^^^^^^^^^^^^^^^^^^^^^^^^^^^^^
  File "C:\Users\Manoj\Contacts\Downloads\Web-MyOwn\Web-MyOwn\app.py", line 110, in load_questions
    try:
FileNotFoundError: [Errno 2] No such file or directory: 'data/AptitudeQuestions.csv'
Exception on /aptitude_test [GET]
Traceback (most recent call last):
  File "C:\Users\Manoj\Contacts\Downloads\Web-MyOwn\Web-MyOwn\venv\Lib\site-packages\flask\app.py", line 1511, in wsgi_app
    response = self.full_dispatch_request()
  File "C:\Users\Manoj\Contacts\Downloads\Web-MyOwn\Web-MyOwn\venv\Lib\site-packages\flask\app.py", line 919, in full_dispatch_request
    rv = self.handle_user_exception(e)
  File "C:\Users\Manoj\Contacts\Downloads\Web-MyOwn\Web-MyOwn\venv\Lib\site-packages\flask\app.py", line 917, in full_dispatch_request
    rv = self.dispatch_request()
  File "C:\Users\Manoj\Contacts\Downloads\Web-MyOwn\Web-MyOwn\venv\Lib\site-packages\flask\app.py", line 902, in dispatch_request
    return self.ensure_sync(self.view_functions[rule.endpoint])(**view_args)  # type: ignore[no-any-return]
           ~~~~~~~~~~~~~~~~~~~~~~~~~~~~~~~~~~~~~~~~~~~~~~~~~~~~^^^^^^^^^^^^^
  File "C:\Users\Manoj\Contacts\Downloads\Web-MyOwn\Web-MyOwn\app.py", line 324, in aptitude_test
    session['test_scores'] = {}
                ^^^^^^^^^^^^^^^
  File "C:\Users\Manoj\Contacts\Downloads\Web-MyOwn\Web-MyOwn\app.py", line 110, in load_questions
    'path': 'data/Apquestions.csv',
    ^^^^^^^^^^^^^^^^
FileNotFoundError: [Errno 2] No such file or directory: 'data/AptitudeQuestions.csv'
Exception on /aptitude_test [GET]
Traceback (most recent call last):
  File "C:\Users\Manoj\Contacts\Downloads\Web-MyOwn\Web-MyOwn\venv\Lib\site-packages\flask\app.py", line 1511, in wsgi_app
    response = self.full_dispatch_request()
  File "C:\Users\Manoj\Contacts\Downloads\Web-MyOwn\Web-MyOwn\venv\Lib\site-packages\flask\app.py", line 919, in full_dispatch_request
    rv = self.handle_user_exception(e)
  File "C:\Users\Manoj\Contacts\Downloads\Web-MyOwn\Web-MyOwn\venv\Lib\site-packages\flask\app.py", line 917, in full_dispatch_request
    rv = self.dispatch_request()
  File "C:\Users\Manoj\Contacts\Downloads\Web-MyOwn\Web-MyOwn\venv\Lib\site-packages\flask\app.py", line 902, in dispatch_request
    return self.ensure_sync(self.view_functions[rule.endpoint])(**view_args)  # type: ignore[no-any-return]
           ~~~~~~~~~~~~~~~~~~~~~~~~~~~~~~~~~~~~~~~~~~~~~~~~~~~~^^^^^^^^^^^^^
  File "C:\Users\Manoj\Contacts\Downloads\Web-MyOwn\Web-MyOwn\app.py", line 324, in aptitude_test
    return redirect(url_for('home'))
                ~~~^^^^^^^^^^^^^^^^^
  File "C:\Users\Manoj\Contacts\Downloads\Web-MyOwn\Web-MyOwn\app.py", line 110, in load_questions
FileNotFoundError: [Errno 2] No such file or directory: 'data/AptitudeQuestions.csv'
Exception on /aptitude_test [GET]
Traceback (most recent call last):
  File "C:\Users\Manoj\Contacts\Downloads\Web-MyOwn\Web-MyOwn\venv\Lib\site-packages\flask\app.py", line 1511, in wsgi_app
    response = self.full_dispatch_request()
  File "C:\Users\Manoj\Contacts\Downloads\Web-MyOwn\Web-MyOwn\venv\Lib\site-packages\flask\app.py", line 919, in full_dispatch_request
    rv = self.handle_user_exception(e)
  File "C:\Users\Manoj\Contacts\Downloads\Web-MyOwn\Web-MyOwn\venv\Lib\site-packages\flask\app.py", line 917, in full_dispatch_request
    rv = self.dispatch_request()
  File "C:\Users\Manoj\Contacts\Downloads\Web-MyOwn\Web-MyOwn\venv\Lib\site-packages\flask\app.py", line 902, in dispatch_request
    return self.ensure_sync(self.view_functions[rule.endpoint])(**view_args)  # type: ignore[no-any-return]
           ~~~~~~~~~~~~~~~~~~~~~~~~~~~~~~~~~~~~~~~~~~~~~~~~~~~~^^^^^^^^^^^^^
  File "C:\Users\Manoj\Contacts\Downloads\Web-MyOwn\Web-MyOwn\app.py", line 324, in aptitude_test
    return redirect(url_for('home'))
                ~~~^^^^^^^^^^^^^^^^^
  File "C:\Users\Manoj\Contacts\Downloads\Web-MyOwn\Web-MyOwn\app.py", line 110, in load_questions
FileNotFoundError: [Errno 2] No such file or directory: 'data/AptitudeQuestions.csv'
Exception on /aptitude_test [GET]
Traceback (most recent call last):
  File "C:\Users\Manoj\Contacts\Downloads\Web-MyOwn\Web-MyOwn\venv\Lib\site-packages\flask\app.py", line 1511, in wsgi_app
    response = self.full_dispatch_request()
  File "C:\Users\Manoj\Contacts\Downloads\Web-MyOwn\Web-MyOwn\venv\Lib\site-packages\flask\app.py", line 919, in full_dispatch_request
    rv = self.handle_user_exception(e)
  File "C:\Users\Manoj\Contacts\Downloads\Web-MyOwn\Web-MyOwn\venv\Lib\site-packages\flask\app.py", line 917, in full_dispatch_request
    rv = self.dispatch_request()
  File "C:\Users\Manoj\Contacts\Downloads\Web-MyOwn\Web-MyOwn\venv\Lib\site-packages\flask\app.py", line 902, in dispatch_request
    return self.ensure_sync(self.view_functions[rule.endpoint])(**view_args)  # type: ignore[no-any-return]
           ~~~~~~~~~~~~~~~~~~~~~~~~~~~~~~~~~~~~~~~~~~~~~~~~~~~~^^^^^^^^^^^^^
  File "C:\Users\Manoj\Contacts\Downloads\Web-MyOwn\Web-MyOwn\app.py", line 324, in aptitude_test
    print(f"Error loading questions: {e}")
                ^^^^^^^^^^^^^^^^^^^^^^^^^^
  File "C:\Users\Manoj\Contacts\Downloads\Web-MyOwn\Web-MyOwn\app.py", line 110, in load_questions
    except StopIteration:
    ^^^^^^^^^^^^^^^^
FileNotFoundError: [Errno 2] No such file or directory: 'data/AptitudeQuestions.csv'
Exception on /aptitude_test [GET]
Traceback (most recent call last):
  File "C:\Users\Manoj\Contacts\Downloads\Web-MyOwn\Web-MyOwn\venv\Lib\site-packages\flask\app.py", line 1511, in wsgi_app
    response = self.full_dispatch_request()
  File "C:\Users\Manoj\Contacts\Downloads\Web-MyOwn\Web-MyOwn\venv\Lib\site-packages\flask\app.py", line 919, in full_dispatch_request
    rv = self.handle_user_exception(e)
  File "C:\Users\Manoj\Contacts\Downloads\Web-MyOwn\Web-MyOwn\venv\Lib\site-packages\flask\app.py", line 917, in full_dispatch_request
    rv = self.dispatch_request()
  File "C:\Users\Manoj\Contacts\Downloads\Web-MyOwn\Web-MyOwn\venv\Lib\site-packages\flask\app.py", line 902, in dispatch_request
    return self.ensure_sync(self.view_functions[rule.endpoint])(**view_args)  # type: ignore[no-any-return]
           ~~~~~~~~~~~~~~~~~~~~~~~~~~~~~~~~~~~~~~~~~~~~~~~~~~~~^^^^^^^^^^^^^
  File "C:\Users\Manoj\Contacts\Downloads\Web-MyOwn\Web-MyOwn\app.py", line 324, in aptitude_test
    print(f"Error loading questions: {e}")
                ^^^^^^^^^^^^^^^^^^^^^^^^^^
  File "C:\Users\Manoj\Contacts\Downloads\Web-MyOwn\Web-MyOwn\app.py", line 110, in load_questions
    except StopIteration:
    ^^^^^^^^^^^^^^^^
FileNotFoundError: [Errno 2] No such file or directory: 'data/AptitudeQuestions.csv'
Exception on /aptitude_test [GET]
Traceback (most recent call last):
  File "C:\Users\Manoj\Contacts\Downloads\Web-MyOwn\Web-MyOwn\venv\Lib\site-packages\flask\app.py", line 1511, in wsgi_app
    response = self.full_dispatch_request()
  File "C:\Users\Manoj\Contacts\Downloads\Web-MyOwn\Web-MyOwn\venv\Lib\site-packages\flask\app.py", line 919, in full_dispatch_request
    rv = self.handle_user_exception(e)
  File "C:\Users\Manoj\Contacts\Downloads\Web-MyOwn\Web-MyOwn\venv\Lib\site-packages\flask\app.py", line 917, in full_dispatch_request
    rv = self.dispatch_request()
  File "C:\Users\Manoj\Contacts\Downloads\Web-MyOwn\Web-MyOwn\venv\Lib\site-packages\flask\app.py", line 902, in dispatch_request
    return self.ensure_sync(self.view_functions[rule.endpoint])(**view_args)  # type: ignore[no-any-return]
           ~~~~~~~~~~~~~~~~~~~~~~~~~~~~~~~~~~~~~~~~~~~~~~~~~~~~^^^^^^^^^^^^^
  File "C:\Users\Manoj\Contacts\Downloads\Web-MyOwn\Web-MyOwn\app.py", line 324, in aptitude_test
    print(f"Error loading questions: {e}")
                ^^^^^^^^^^^^^^^^^^^^^^^^^^
  File "C:\Users\Manoj\Contacts\Downloads\Web-MyOwn\Web-MyOwn\app.py", line 110, in load_questions
    except StopIteration:
    ^^^^^^^^^^^^^^^^
FileNotFoundError: [Errno 2] No such file or directory: 'data/AptitudeQuestions.csv'
Exception on /aptitude_test [GET]
Traceback (most recent call last):
  File "C:\Users\Manoj\Contacts\Downloads\Web-MyOwn\Web-MyOwn\venv\Lib\site-packages\flask\app.py", line 1511, in wsgi_app
    response = self.full_dispatch_request()
  File "C:\Users\Manoj\Contacts\Downloads\Web-MyOwn\Web-MyOwn\venv\Lib\site-packages\flask\app.py", line 919, in full_dispatch_request
    rv = self.handle_user_exception(e)
  File "C:\Users\Manoj\Contacts\Downloads\Web-MyOwn\Web-MyOwn\venv\Lib\site-packages\flask\app.py", line 917, in full_dispatch_request
    rv = self.dispatch_request()
  File "C:\Users\Manoj\Contacts\Downloads\Web-MyOwn\Web-MyOwn\venv\Lib\site-packages\flask\app.py", line 902, in dispatch_request
    return self.ensure_sync(self.view_functions[rule.endpoint])(**view_args)  # type: ignore[no-any-return]
           ~~~~~~~~~~~~~~~~~~~~~~~~~~~~~~~~~~~~~~~~~~~~~~~~~~~~^^^^^^^^^^^^^
  File "C:\Users\Manoj\Contacts\Downloads\Web-MyOwn\Web-MyOwn\app.py", line 324, in aptitude_test
    print(f"Error loading questions: {e}")
                ^^^^^^^^^^^^^^^^^^^^^^^^^^
  File "C:\Users\Manoj\Contacts\Downloads\Web-MyOwn\Web-MyOwn\app.py", line 110, in load_questions
    except StopIteration:
    ^^^^^^^^^^^^^^^^
FileNotFoundError: [Errno 2] No such file or directory: 'data/AptitudeQuestions.csv'
Exception on /aptitude_test [GET]
Traceback (most recent call last):
  File "C:\Users\Manoj\Contacts\Downloads\Web-MyOwn\Web-MyOwn\venv\Lib\site-packages\flask\app.py", line 1511, in wsgi_app
    response = self.full_dispatch_request()
  File "C:\Users\Manoj\Contacts\Downloads\Web-MyOwn\Web-MyOwn\venv\Lib\site-packages\flask\app.py", line 919, in full_dispatch_request
    rv = self.handle_user_exception(e)
  File "C:\Users\Manoj\Contacts\Downloads\Web-MyOwn\Web-MyOwn\venv\Lib\site-packages\flask\app.py", line 917, in full_dispatch_request
    rv = self.dispatch_request()
  File "C:\Users\Manoj\Contacts\Downloads\Web-MyOwn\Web-MyOwn\venv\Lib\site-packages\flask\app.py", line 902, in dispatch_request
    return self.ensure_sync(self.view_functions[rule.endpoint])(**view_args)  # type: ignore[no-any-return]
           ~~~~~~~~~~~~~~~~~~~~~~~~~~~~~~~~~~~~~~~~~~~~~~~~~~~~^^^^^^^^^^^^^
  File "C:\Users\Manoj\Contacts\Downloads\Web-MyOwn\Web-MyOwn\app.py", line 324, in aptitude_test
    print(f"Error loading questions: {e}")
                ^^^^^^^^^^^^^^^^^^^^^^^^^^
  File "C:\Users\Manoj\Contacts\Downloads\Web-MyOwn\Web-MyOwn\app.py", line 110, in load_questions
    except StopIteration:
    ^^^^^^^^^^^^^^^^
FileNotFoundError: [Errno 2] No such file or directory: 'data/AptitudeQuestions.csv'
Exception on /aptitude_test [GET]
Traceback (most recent call last):
  File "C:\Users\Manoj\Contacts\Downloads\Web-MyOwn\Web-MyOwn\venv\Lib\site-packages\flask\app.py", line 1511, in wsgi_app
    response = self.full_dispatch_request()
  File "C:\Users\Manoj\Contacts\Downloads\Web-MyOwn\Web-MyOwn\venv\Lib\site-packages\flask\app.py", line 919, in full_dispatch_request
    rv = self.handle_user_exception(e)
  File "C:\Users\Manoj\Contacts\Downloads\Web-MyOwn\Web-MyOwn\venv\Lib\site-packages\flask\app.py", line 917, in full_dispatch_request
    rv = self.dispatch_request()
  File "C:\Users\Manoj\Contacts\Downloads\Web-MyOwn\Web-MyOwn\venv\Lib\site-packages\flask\app.py", line 902, in dispatch_request
    return self.ensure_sync(self.view_functions[rule.endpoint])(**view_args)  # type: ignore[no-any-return]
           ~~~~~~~~~~~~~~~~~~~~~~~~~~~~~~~~~~~~~~~~~~~~~~~~~~~~^^^^^^^^^^^^^
  File "C:\Users\Manoj\Contacts\Downloads\Web-MyOwn\Web-MyOwn\app.py", line 324, in aptitude_test
    return render_template('reset_password.html', error="Invalid or expired token", valid=False)
                ^^^^^^^^^^^^^^^^^^^^^^^^^^^^^^^^^^^^^^^^^^^^
  File "C:\Users\Manoj\Contacts\Downloads\Web-MyOwn\Web-MyOwn\app.py", line 110, in load_questions
    if datetime.now().timestamp() > token_data['expires_at']:
         ^^^^^^^^^^^^^^^^^^^
FileNotFoundError: [Errno 2] No such file or directory: 'data/AptitudeQuestions.csv'
Exception on /aptitude_test [GET]
Traceback (most recent call last):
  File "C:\Users\Manoj\Contacts\Downloads\Web-MyOwn\Web-MyOwn\venv\Lib\site-packages\flask\app.py", line 1511, in wsgi_app
    response = self.full_dispatch_request()
  File "C:\Users\Manoj\Contacts\Downloads\Web-MyOwn\Web-MyOwn\venv\Lib\site-packages\flask\app.py", line 919, in full_dispatch_request
    rv = self.handle_user_exception(e)
  File "C:\Users\Manoj\Contacts\Downloads\Web-MyOwn\Web-MyOwn\venv\Lib\site-packages\flask\app.py", line 917, in full_dispatch_request
    rv = self.dispatch_request()
  File "C:\Users\Manoj\Contacts\Downloads\Web-MyOwn\Web-MyOwn\venv\Lib\site-packages\flask\app.py", line 902, in dispatch_request
    return self.ensure_sync(self.view_functions[rule.endpoint])(**view_args)  # type: ignore[no-any-return]
           ~~~~~~~~~~~~~~~~~~~~~~~~~~~~~~~~~~~~~~~~~~~~~~~~~~~~^^^^^^^^^^^^^
  File "C:\Users\Manoj\Contacts\Downloads\Web-MyOwn\Web-MyOwn\app.py", line 324, in aptitude_test
    return render_template('reset_password.html', error="Invalid or expired token", valid=False)
                ^^^^^^^^^^^^^^^^^^^^^^^^^^^^^^^^^^^^^^^^^^^^
  File "C:\Users\Manoj\Contacts\Downloads\Web-MyOwn\Web-MyOwn\app.py", line 110, in load_questions
    if datetime.now().timestamp() > token_data['expires_at']:
         ^^^^^^^^^^^^^^^^^^^
FileNotFoundError: [Errno 2] No such file or directory: 'data/AptitudeQuestions.csv'
Exception on /aptitude_test [GET]
Traceback (most recent call last):
  File "C:\Users\Manoj\Contacts\Downloads\Web-MyOwn\Web-MyOwn\venv\Lib\site-packages\flask\app.py", line 1511, in wsgi_app
    response = self.full_dispatch_request()
  File "C:\Users\Manoj\Contacts\Downloads\Web-MyOwn\Web-MyOwn\venv\Lib\site-packages\flask\app.py", line 919, in full_dispatch_request
    rv = self.handle_user_exception(e)
  File "C:\Users\Manoj\Contacts\Downloads\Web-MyOwn\Web-MyOwn\venv\Lib\site-packages\flask\app.py", line 917, in full_dispatch_request
    rv = self.dispatch_request()
  File "C:\Users\Manoj\Contacts\Downloads\Web-MyOwn\Web-MyOwn\venv\Lib\site-packages\flask\app.py", line 902, in dispatch_request
    return self.ensure_sync(self.view_functions[rule.endpoint])(**view_args)  # type: ignore[no-any-return]
           ~~~~~~~~~~~~~~~~~~~~~~~~~~~~~~~~~~~~~~~~~~~~~~~~~~~~^^^^^^^^^^^^^
  File "C:\Users\Manoj\Contacts\Downloads\Web-MyOwn\Web-MyOwn\app.py", line 324, in aptitude_test
    return render_template('reset_password.html', error="Invalid or expired token", valid=False)
                ^^^^^^^^^^^^^^^^^^^^^^^^^^^^^^^^^^^^^^^^^^^^
  File "C:\Users\Manoj\Contacts\Downloads\Web-MyOwn\Web-MyOwn\app.py", line 110, in load_questions
    if datetime.now().timestamp() > token_data['expires_at']:
         ^^^^^^^^^^^^^^^^^^^
FileNotFoundError: [Errno 2] No such file or directory: 'data/AptitudeQuestions.csv'
Exception on /aptitude_test [GET]
Traceback (most recent call last):
  File "C:\Users\Manoj\Contacts\Downloads\Web-MyOwn\Web-MyOwn\venv\Lib\site-packages\flask\app.py", line 1511, in wsgi_app
    response = self.full_dispatch_request()
  File "C:\Users\Manoj\Contacts\Downloads\Web-MyOwn\Web-MyOwn\venv\Lib\site-packages\flask\app.py", line 919, in full_dispatch_request
    rv = self.handle_user_exception(e)
  File "C:\Users\Manoj\Contacts\Downloads\Web-MyOwn\Web-MyOwn\venv\Lib\site-packages\flask\app.py", line 917, in full_dispatch_request
    rv = self.dispatch_request()
  File "C:\Users\Manoj\Contacts\Downloads\Web-MyOwn\Web-MyOwn\venv\Lib\site-packages\flask\app.py", line 902, in dispatch_request
    return self.ensure_sync(self.view_functions[rule.endpoint])(**view_args)  # type: ignore[no-any-return]
           ~~~~~~~~~~~~~~~~~~~~~~~~~~~~~~~~~~~~~~~~~~~~~~~~~~~~^^^^^^^^^^^^^
  File "C:\Users\Manoj\Contacts\Downloads\Web-MyOwn\Web-MyOwn\app.py", line 324, in aptitude_test
    return render_template('reset_password.html', error="Invalid or expired token", valid=False)
                ^^^^^^^^^^^^^^^^^^^^^^^^^^^^^^^^^^^^^^^^^^^^
  File "C:\Users\Manoj\Contacts\Downloads\Web-MyOwn\Web-MyOwn\app.py", line 110, in load_questions
    if datetime.now().timestamp() > token_data['expires_at']:
         ^^^^^^^^^^^^^^^^^^^
FileNotFoundError: [Errno 2] No such file or directory: 'data/AptitudeQuestions.csv'
Exception on /aptitude_test [GET]
Traceback (most recent call last):
  File "C:\Users\Manoj\Contacts\Downloads\Web-MyOwn\Web-MyOwn\venv\Lib\site-packages\flask\app.py", line 1511, in wsgi_app
    response = self.full_dispatch_request()
  File "C:\Users\Manoj\Contacts\Downloads\Web-MyOwn\Web-MyOwn\venv\Lib\site-packages\flask\app.py", line 919, in full_dispatch_request
    rv = self.handle_user_exception(e)
  File "C:\Users\Manoj\Contacts\Downloads\Web-MyOwn\Web-MyOwn\venv\Lib\site-packages\flask\app.py", line 917, in full_dispatch_request
    rv = self.dispatch_request()
  File "C:\Users\Manoj\Contacts\Downloads\Web-MyOwn\Web-MyOwn\venv\Lib\site-packages\flask\app.py", line 902, in dispatch_request
    return self.ensure_sync(self.view_functions[rule.endpoint])(**view_args)  # type: ignore[no-any-return]
           ~~~~~~~~~~~~~~~~~~~~~~~~~~~~~~~~~~~~~~~~~~~~~~~~~~~~^^^^^^^^^^^^^
  File "C:\Users\Manoj\Contacts\Downloads\Web-MyOwn\Web-MyOwn\app.py", line 324, in aptitude_test
    return render_template('reset_password.html', error="Invalid or expired token", valid=False)
                ^^^^^^^^^^^^^^^^^^^^^^^^^^^^^^^^^^^^^^^^^^^^
  File "C:\Users\Manoj\Contacts\Downloads\Web-MyOwn\Web-MyOwn\app.py", line 110, in load_questions
    if datetime.now().timestamp() > token_data['expires_at']:
         ^^^^^^^^^^^^^^^^^^^
FileNotFoundError: [Errno 2] No such file or directory: 'data/AptitudeQuestions.csv'
Exception on /aptitude_test [GET]
Traceback (most recent call last):
  File "C:\Users\Manoj\Contacts\Downloads\Web-MyOwn\Web-MyOwn\venv\Lib\site-packages\flask\app.py", line 1511, in wsgi_app
    response = self.full_dispatch_request()
  File "C:\Users\Manoj\Contacts\Downloads\Web-MyOwn\Web-MyOwn\venv\Lib\site-packages\flask\app.py", line 919, in full_dispatch_request
    rv = self.handle_user_exception(e)
  File "C:\Users\Manoj\Contacts\Downloads\Web-MyOwn\Web-MyOwn\venv\Lib\site-packages\flask\app.py", line 917, in full_dispatch_request
    rv = self.dispatch_request()
  File "C:\Users\Manoj\Contacts\Downloads\Web-MyOwn\Web-MyOwn\venv\Lib\site-packages\flask\app.py", line 902, in dispatch_request
    return self.ensure_sync(self.view_functions[rule.endpoint])(**view_args)  # type: ignore[no-any-return]
           ~~~~~~~~~~~~~~~~~~~~~~~~~~~~~~~~~~~~~~~~~~~~~~~~~~~~^^^^^^^^^^^^^
  File "C:\Users\Manoj\Contacts\Downloads\Web-MyOwn\Web-MyOwn\app.py", line 324, in aptitude_test
    return render_template('reset_password.html', error="Invalid or expired token", valid=False)
                ^^^^^^^^^^^^^^^^^^^^^^^^^^^^^^^^^^^^^^^^^^^^
  File "C:\Users\Manoj\Contacts\Downloads\Web-MyOwn\Web-MyOwn\app.py", line 110, in load_questions
    if datetime.now().timestamp() > token_data['expires_at']:
         ^^^^^^^^^^^^^^^^^^^
FileNotFoundError: [Errno 2] No such file or directory: 'data/AptitudeQuestions.csv'
Exception on /aptitude_test [GET]
Traceback (most recent call last):
  File "C:\Users\Manoj\Contacts\Downloads\Web-MyOwn\Web-MyOwn\venv\Lib\site-packages\flask\app.py", line 1511, in wsgi_app
    response = self.full_dispatch_request()
  File "C:\Users\Manoj\Contacts\Downloads\Web-MyOwn\Web-MyOwn\venv\Lib\site-packages\flask\app.py", line 919, in full_dispatch_request
    rv = self.handle_user_exception(e)
  File "C:\Users\Manoj\Contacts\Downloads\Web-MyOwn\Web-MyOwn\venv\Lib\site-packages\flask\app.py", line 917, in full_dispatch_request
    rv = self.dispatch_request()
  File "C:\Users\Manoj\Contacts\Downloads\Web-MyOwn\Web-MyOwn\venv\Lib\site-packages\flask\app.py", line 902, in dispatch_request
    return self.ensure_sync(self.view_functions[rule.endpoint])(**view_args)  # type: ignore[no-any-return]
           ~~~~~~~~~~~~~~~~~~~~~~~~~~~~~~~~~~~~~~~~~~~~~~~~~~~~^^^^^^^^^^^^^
  File "C:\Users\Manoj\Contacts\Downloads\Web-MyOwn\Web-MyOwn\app.py", line 324, in aptitude_test
    return render_template('reset_password.html', error="Invalid or expired token", valid=False)
                ^^^^^^^^^^^^^^^^^^^^^^^^^^^^^^^^^^^^^^^^^^^^
  File "C:\Users\Manoj\Contacts\Downloads\Web-MyOwn\Web-MyOwn\app.py", line 110, in load_questions
    if datetime.now().timestamp() > token_data['expires_at']:
         ^^^^^^^^^^^^^^^^^^^
FileNotFoundError: [Errno 2] No such file or directory: 'data/AptitudeQuestions.csv'
Exception on /aptitude_test [GET]
Traceback (most recent call last):
  File "C:\Users\Manoj\Contacts\Downloads\Web-MyOwn\Web-MyOwn\venv\Lib\site-packages\flask\app.py", line 1511, in wsgi_app
    response = self.full_dispatch_request()
  File "C:\Users\Manoj\Contacts\Downloads\Web-MyOwn\Web-MyOwn\venv\Lib\site-packages\flask\app.py", line 919, in full_dispatch_request
    rv = self.handle_user_exception(e)
  File "C:\Users\Manoj\Contacts\Downloads\Web-MyOwn\Web-MyOwn\venv\Lib\site-packages\flask\app.py", line 917, in full_dispatch_request
    rv = self.dispatch_request()
  File "C:\Users\Manoj\Contacts\Downloads\Web-MyOwn\Web-MyOwn\venv\Lib\site-packages\flask\app.py", line 902, in dispatch_request
    return self.ensure_sync(self.view_functions[rule.endpoint])(**view_args)  # type: ignore[no-any-return]
           ~~~~~~~~~~~~~~~~~~~~~~~~~~~~~~~~~~~~~~~~~~~~~~~~~~~~^^^^^^^^^^^^^
  File "C:\Users\Manoj\Contacts\Downloads\Web-MyOwn\Web-MyOwn\app.py", line 324, in aptitude_test
    return render_template('reset_password.html', error="Invalid or expired token", valid=False)
                ^^^^^^^^^^^^^^^^^^^^^^^^^^^^^^^^^^^^^^^^^^^^
  File "C:\Users\Manoj\Contacts\Downloads\Web-MyOwn\Web-MyOwn\app.py", line 110, in load_questions
    if datetime.now().timestamp() > token_data['expires_at']:
         ^^^^^^^^^^^^^^^^^^^
FileNotFoundError: [Errno 2] No such file or directory: 'data/AptitudeQuestions.csv'
Exception on /aptitude_test [GET]
Traceback (most recent call last):
  File "C:\Users\Manoj\Contacts\Downloads\Web-MyOwn\Web-MyOwn\venv\Lib\site-packages\flask\app.py", line 1511, in wsgi_app
    response = self.full_dispatch_request()
  File "C:\Users\Manoj\Contacts\Downloads\Web-MyOwn\Web-MyOwn\venv\Lib\site-packages\flask\app.py", line 919, in full_dispatch_request
    rv = self.handle_user_exception(e)
  File "C:\Users\Manoj\Contacts\Downloads\Web-MyOwn\Web-MyOwn\venv\Lib\site-packages\flask\app.py", line 917, in full_dispatch_request
    rv = self.dispatch_request()
  File "C:\Users\Manoj\Contacts\Downloads\Web-MyOwn\Web-MyOwn\venv\Lib\site-packages\flask\app.py", line 902, in dispatch_request
    return self.ensure_sync(self.view_functions[rule.endpoint])(**view_args)  # type: ignore[no-any-return]
           ~~~~~~~~~~~~~~~~~~~~~~~~~~~~~~~~~~~~~~~~~~~~~~~~~~~~^^^^^^^^^^^^^
  File "C:\Users\Manoj\Contacts\Downloads\Web-MyOwn\Web-MyOwn\app.py", line 324, in aptitude_test
    return render_template('reset_password.html', error="Invalid or expired token", valid=False)
                ^^^^^^^^^^^^^^^^^^^^^^^^^^^^^^^^^^^^^^^^^^^^
  File "C:\Users\Manoj\Contacts\Downloads\Web-MyOwn\Web-MyOwn\app.py", line 110, in load_questions
    if datetime.now().timestamp() > token_data['expires_at']:
         ^^^^^^^^^^^^^^^^^^^
FileNotFoundError: [Errno 2] No such file or directory: 'data/AptitudeQuestions.csv'
Exception on /aptitude_test [GET]
Traceback (most recent call last):
  File "C:\Users\Manoj\Contacts\Downloads\Web-MyOwn\Web-MyOwn\venv\Lib\site-packages\flask\app.py", line 1511, in wsgi_app
    response = self.full_dispatch_request()
  File "C:\Users\Manoj\Contacts\Downloads\Web-MyOwn\Web-MyOwn\venv\Lib\site-packages\flask\app.py", line 919, in full_dispatch_request
    rv = self.handle_user_exception(e)
  File "C:\Users\Manoj\Contacts\Downloads\Web-MyOwn\Web-MyOwn\venv\Lib\site-packages\flask\app.py", line 917, in full_dispatch_request
    rv = self.dispatch_request()
  File "C:\Users\Manoj\Contacts\Downloads\Web-MyOwn\Web-MyOwn\venv\Lib\site-packages\flask\app.py", line 902, in dispatch_request
    return self.ensure_sync(self.view_functions[rule.endpoint])(**view_args)  # type: ignore[no-any-return]
           ~~~~~~~~~~~~~~~~~~~~~~~~~~~~~~~~~~~~~~~~~~~~~~~~~~~~^^^^^^^^^^^^^
  File "C:\Users\Manoj\Contacts\Downloads\Web-MyOwn\Web-MyOwn\app.py", line 324, in aptitude_test
    return render_template('reset_password.html', error="Invalid or expired token", valid=False)
                ^^^^^^^^^^^^^^^^^^^^^^^^^^^^^^^^^^^^^^^^^^^^
  File "C:\Users\Manoj\Contacts\Downloads\Web-MyOwn\Web-MyOwn\app.py", line 110, in load_questions
    if datetime.now().timestamp() > token_data['expires_at']:
         ^^^^^^^^^^^^^^^^^^^
FileNotFoundError: [Errno 2] No such file or directory: 'data/AptitudeQuestions.csv'
Exception on /aptitude_test [GET]
Traceback (most recent call last):
  File "C:\Users\Manoj\Contacts\Downloads\Web-MyOwn\Web-MyOwn\venv\Lib\site-packages\flask\app.py", line 1511, in wsgi_app
    response = self.full_dispatch_request()
  File "C:\Users\Manoj\Contacts\Downloads\Web-MyOwn\Web-MyOwn\venv\Lib\site-packages\flask\app.py", line 919, in full_dispatch_request
    rv = self.handle_user_exception(e)
  File "C:\Users\Manoj\Contacts\Downloads\Web-MyOwn\Web-MyOwn\venv\Lib\site-packages\flask\app.py", line 917, in full_dispatch_request
    rv = self.dispatch_request()
  File "C:\Users\Manoj\Contacts\Downloads\Web-MyOwn\Web-MyOwn\venv\Lib\site-packages\flask\app.py", line 902, in dispatch_request
    return self.ensure_sync(self.view_functions[rule.endpoint])(**view_args)  # type: ignore[no-any-return]
           ~~~~~~~~~~~~~~~~~~~~~~~~~~~~~~~~~~~~~~~~~~~~~~~~~~~~^^^^^^^^^^^^^
  File "C:\Users\Manoj\Contacts\Downloads\Web-MyOwn\Web-MyOwn\app.py", line 324, in aptitude_test
    return render_template('reset_password.html', error="Invalid or expired token", valid=False)
                ^^^^^^^^^^^^^^^^^^^^^^^^^^^^^^^^^^^^^^^^^^^^
  File "C:\Users\Manoj\Contacts\Downloads\Web-MyOwn\Web-MyOwn\app.py", line 110, in load_questions
    if datetime.now().timestamp() > token_data['expires_at']:
         ^^^^^^^^^^^^^^^^^^^
FileNotFoundError: [Errno 2] No such file or directory: 'data/AptitudeQuestions.csv'
Exception on /aptitude_test [GET]
Traceback (most recent call last):
  File "C:\Users\Manoj\Contacts\Downloads\Web-MyOwn\Web-MyOwn\venv\Lib\site-packages\flask\app.py", line 1511, in wsgi_app
    response = self.full_dispatch_request()
  File "C:\Users\Manoj\Contacts\Downloads\Web-MyOwn\Web-MyOwn\venv\Lib\site-packages\flask\app.py", line 919, in full_dispatch_request
    rv = self.handle_user_exception(e)
  File "C:\Users\Manoj\Contacts\Downloads\Web-MyOwn\Web-MyOwn\venv\Lib\site-packages\flask\app.py", line 917, in full_dispatch_request
    rv = self.dispatch_request()
  File "C:\Users\Manoj\Contacts\Downloads\Web-MyOwn\Web-MyOwn\venv\Lib\site-packages\flask\app.py", line 902, in dispatch_request
    return self.ensure_sync(self.view_functions[rule.endpoint])(**view_args)  # type: ignore[no-any-return]
           ~~~~~~~~~~~~~~~~~~~~~~~~~~~~~~~~~~~~~~~~~~~~~~~~~~~~^^^^^^^^^^^^^
  File "C:\Users\Manoj\Contacts\Downloads\Web-MyOwn\Web-MyOwn\app.py", line 324, in aptitude_test
    return render_template('reset_password.html', error="Invalid or expired token", valid=False)
                ^^^^^^^^^^^^^^^^^^^^^^^^^^^^^^^^^^^^^^^^^^^^
  File "C:\Users\Manoj\Contacts\Downloads\Web-MyOwn\Web-MyOwn\app.py", line 110, in load_questions
    if datetime.now().timestamp() > token_data['expires_at']:
         ^^^^^^^^^^^^^^^^^^^
FileNotFoundError: [Errno 2] No such file or directory: 'data/AptitudeQuestions.csv'
Exception on /aptitude_test [GET]
Traceback (most recent call last):
  File "C:\Users\Manoj\Contacts\Downloads\Web-MyOwn\Web-MyOwn\venv\Lib\site-packages\flask\app.py", line 1511, in wsgi_app
    response = self.full_dispatch_request()
  File "C:\Users\Manoj\Contacts\Downloads\Web-MyOwn\Web-MyOwn\venv\Lib\site-packages\flask\app.py", line 919, in full_dispatch_request
    rv = self.handle_user_exception(e)
  File "C:\Users\Manoj\Contacts\Downloads\Web-MyOwn\Web-MyOwn\venv\Lib\site-packages\flask\app.py", line 917, in full_dispatch_request
    rv = self.dispatch_request()
  File "C:\Users\Manoj\Contacts\Downloads\Web-MyOwn\Web-MyOwn\venv\Lib\site-packages\flask\app.py", line 902, in dispatch_request
    return self.ensure_sync(self.view_functions[rule.endpoint])(**view_args)  # type: ignore[no-any-return]
           ~~~~~~~~~~~~~~~~~~~~~~~~~~~~~~~~~~~~~~~~~~~~~~~~~~~~^^^^^^^^^^^^^
  File "C:\Users\Manoj\Contacts\Downloads\Web-MyOwn\Web-MyOwn\app.py", line 324, in aptitude_test
    return render_template('reset_password.html', error="Invalid or expired token", valid=False)
                ^^^^^^^^^^^^^^^^^^^^^^^^^^^^^^^^^^^^^^^^^^^^
  File "C:\Users\Manoj\Contacts\Downloads\Web-MyOwn\Web-MyOwn\app.py", line 110, in load_questions
    if datetime.now().timestamp() > token_data['expires_at']:
         ^^^^^^^^^^^^^^^^^^^
FileNotFoundError: [Errno 2] No such file or directory: 'data/AptitudeQuestions.csv'
Exception on /aptitude_test [GET]
Traceback (most recent call last):
  File "C:\Users\Manoj\Contacts\Downloads\Web-MyOwn\Web-MyOwn\venv\Lib\site-packages\flask\app.py", line 1511, in wsgi_app
    response = self.full_dispatch_request()
  File "C:\Users\Manoj\Contacts\Downloads\Web-MyOwn\Web-MyOwn\venv\Lib\site-packages\flask\app.py", line 919, in full_dispatch_request
    rv = self.handle_user_exception(e)
  File "C:\Users\Manoj\Contacts\Downloads\Web-MyOwn\Web-MyOwn\venv\Lib\site-packages\flask\app.py", line 917, in full_dispatch_request
    rv = self.dispatch_request()
  File "C:\Users\Manoj\Contacts\Downloads\Web-MyOwn\Web-MyOwn\venv\Lib\site-packages\flask\app.py", line 902, in dispatch_request
    return self.ensure_sync(self.view_functions[rule.endpoint])(**view_args)  # type: ignore[no-any-return]
           ~~~~~~~~~~~~~~~~~~~~~~~~~~~~~~~~~~~~~~~~~~~~~~~~~~~~^^^^^^^^^^^^^
  File "C:\Users\Manoj\Contacts\Downloads\Web-MyOwn\Web-MyOwn\app.py", line 324, in aptitude_test
    return render_template('reset_password.html', error="Invalid or expired token", valid=False)
                ^^^^^^^^^^^^^^^^^^^^^^^^^^^^^^^^^^^^^^^^^^^^
  File "C:\Users\Manoj\Contacts\Downloads\Web-MyOwn\Web-MyOwn\app.py", line 110, in load_questions
    if datetime.now().timestamp() > token_data['expires_at']:
         ^^^^^^^^^^^^^^^^^^^
FileNotFoundError: [Errno 2] No such file or directory: 'data/AptitudeQuestions.csv'
Exception on /aptitude_test [GET]
Traceback (most recent call last):
  File "C:\Users\Manoj\Contacts\Downloads\Web-MyOwn\Web-MyOwn\venv\Lib\site-packages\flask\app.py", line 1511, in wsgi_app
    response = self.full_dispatch_request()
  File "C:\Users\Manoj\Contacts\Downloads\Web-MyOwn\Web-MyOwn\venv\Lib\site-packages\flask\app.py", line 919, in full_dispatch_request
    rv = self.handle_user_exception(e)
  File "C:\Users\Manoj\Contacts\Downloads\Web-MyOwn\Web-MyOwn\venv\Lib\site-packages\flask\app.py", line 917, in full_dispatch_request
    rv = self.dispatch_request()
  File "C:\Users\Manoj\Contacts\Downloads\Web-MyOwn\Web-MyOwn\venv\Lib\site-packages\flask\app.py", line 902, in dispatch_request
    return self.ensure_sync(self.view_functions[rule.endpoint])(**view_args)  # type: ignore[no-any-return]
           ~~~~~~~~~~~~~~~~~~~~~~~~~~~~~~~~~~~~~~~~~~~~~~~~~~~~^^^^^^^^^^^^^
  File "C:\Users\Manoj\Contacts\Downloads\Web-MyOwn\Web-MyOwn\app.py", line 324, in aptitude_test
    return render_template('reset_password.html', error="Invalid or expired token", valid=False)
                ^^^^^^^^^^^^^^^^^^^^^^^^^^^^^^^^^^^^^^^^^^^^
  File "C:\Users\Manoj\Contacts\Downloads\Web-MyOwn\Web-MyOwn\app.py", line 110, in load_questions
    if datetime.now().timestamp() > token_data['expires_at']:
         ^^^^^^^^^^^^^^^^^^^
FileNotFoundError: [Errno 2] No such file or directory: 'data/AptitudeQuestions.csv'
Exception on /aptitude_test [GET]
Traceback (most recent call last):
  File "C:\Users\Manoj\Contacts\Downloads\Web-MyOwn\Web-MyOwn\venv\Lib\site-packages\flask\app.py", line 1511, in wsgi_app
    response = self.full_dispatch_request()
  File "C:\Users\Manoj\Contacts\Downloads\Web-MyOwn\Web-MyOwn\venv\Lib\site-packages\flask\app.py", line 919, in full_dispatch_request
    rv = self.handle_user_exception(e)
  File "C:\Users\Manoj\Contacts\Downloads\Web-MyOwn\Web-MyOwn\venv\Lib\site-packages\flask\app.py", line 917, in full_dispatch_request
    rv = self.dispatch_request()
  File "C:\Users\Manoj\Contacts\Downloads\Web-MyOwn\Web-MyOwn\venv\Lib\site-packages\flask\app.py", line 902, in dispatch_request
    return self.ensure_sync(self.view_functions[rule.endpoint])(**view_args)  # type: ignore[no-any-return]
           ~~~~~~~~~~~~~~~~~~~~~~~~~~~~~~~~~~~~~~~~~~~~~~~~~~~~^^^^^^^^^^^^^
  File "C:\Users\Manoj\Contacts\Downloads\Web-MyOwn\Web-MyOwn\app.py", line 324, in aptitude_test
    return render_template('reset_password.html', error="Invalid or expired token", valid=False)
                ^^^^^^^^^^^^^^^^^^^^^^^^^^^^^^^^^^^^^^^^^^^^
  File "C:\Users\Manoj\Contacts\Downloads\Web-MyOwn\Web-MyOwn\app.py", line 110, in load_questions
    if datetime.now().timestamp() > token_data['expires_at']:
         ^^^^^^^^^^^^^^^^^^^
FileNotFoundError: [Errno 2] No such file or directory: 'data/AptitudeQuestions.csv'
Exception on /aptitude_test [GET]
Traceback (most recent call last):
  File "C:\Users\Manoj\Contacts\Downloads\Web-MyOwn\Web-MyOwn\venv\Lib\site-packages\flask\app.py", line 1511, in wsgi_app
    response = self.full_dispatch_request()
  File "C:\Users\Manoj\Contacts\Downloads\Web-MyOwn\Web-MyOwn\venv\Lib\site-packages\flask\app.py", line 919, in full_dispatch_request
    rv = self.handle_user_exception(e)
  File "C:\Users\Manoj\Contacts\Downloads\Web-MyOwn\Web-MyOwn\venv\Lib\site-packages\flask\app.py", line 917, in full_dispatch_request
    rv = self.dispatch_request()
  File "C:\Users\Manoj\Contacts\Downloads\Web-MyOwn\Web-MyOwn\venv\Lib\site-packages\flask\app.py", line 902, in dispatch_request
    return self.ensure_sync(self.view_functions[rule.endpoint])(**view_args)  # type: ignore[no-any-return]
           ~~~~~~~~~~~~~~~~~~~~~~~~~~~~~~~~~~~~~~~~~~~~~~~~~~~~^^^^^^^^^^^^^
  File "C:\Users\Manoj\Contacts\Downloads\Web-MyOwn\Web-MyOwn\app.py", line 324, in aptitude_test
    return render_template('reset_password.html', error="Invalid or expired token", valid=False)
                ^^^^^^^^^^^^^^^^^^^^^^^^^^^^^^^^^^^^^^^^^^^^
  File "C:\Users\Manoj\Contacts\Downloads\Web-MyOwn\Web-MyOwn\app.py", line 110, in load_questions
    if datetime.now().timestamp() > token_data['expires_at']:
         ^^^^^^^^^^^^^^^^^^^
FileNotFoundError: [Errno 2] No such file or directory: 'data/AptitudeQuestions.csv'
Exception on /aptitude_test [GET]
Traceback (most recent call last):
  File "C:\Users\Manoj\Contacts\Downloads\Web-MyOwn\Web-MyOwn\venv\Lib\site-packages\flask\app.py", line 1511, in wsgi_app
    response = self.full_dispatch_request()
  File "C:\Users\Manoj\Contacts\Downloads\Web-MyOwn\Web-MyOwn\venv\Lib\site-packages\flask\app.py", line 919, in full_dispatch_request
    rv = self.handle_user_exception(e)
  File "C:\Users\Manoj\Contacts\Downloads\Web-MyOwn\Web-MyOwn\venv\Lib\site-packages\flask\app.py", line 917, in full_dispatch_request
    rv = self.dispatch_request()
  File "C:\Users\Manoj\Contacts\Downloads\Web-MyOwn\Web-MyOwn\venv\Lib\site-packages\flask\app.py", line 902, in dispatch_request
    return self.ensure_sync(self.view_functions[rule.endpoint])(**view_args)  # type: ignore[no-any-return]
           ~~~~~~~~~~~~~~~~~~~~~~~~~~~~~~~~~~~~~~~~~~~~~~~~~~~~^^^^^^^^^^^^^
  File "C:\Users\Manoj\Contacts\Downloads\Web-MyOwn\Web-MyOwn\app.py", line 324, in aptitude_test
    return render_template('reset_password.html', error="Invalid or expired token", valid=False)
                ^^^^^^^^^^^^^^^^^^^^^^^^^^^^^^^^^^^^^^^^^^^^
  File "C:\Users\Manoj\Contacts\Downloads\Web-MyOwn\Web-MyOwn\app.py", line 110, in load_questions
    if datetime.now().timestamp() > token_data['expires_at']:
         ^^^^^^^^^^^^^^^^^^^
FileNotFoundError: [Errno 2] No such file or directory: 'data/AptitudeQuestions.csv'
Exception on /aptitude_test [GET]
Traceback (most recent call last):
  File "C:\Users\Manoj\Contacts\Downloads\Web-MyOwn\Web-MyOwn\venv\Lib\site-packages\flask\app.py", line 1511, in wsgi_app
    response = self.full_dispatch_request()
  File "C:\Users\Manoj\Contacts\Downloads\Web-MyOwn\Web-MyOwn\venv\Lib\site-packages\flask\app.py", line 919, in full_dispatch_request
    rv = self.handle_user_exception(e)
  File "C:\Users\Manoj\Contacts\Downloads\Web-MyOwn\Web-MyOwn\venv\Lib\site-packages\flask\app.py", line 917, in full_dispatch_request
    rv = self.dispatch_request()
  File "C:\Users\Manoj\Contacts\Downloads\Web-MyOwn\Web-MyOwn\venv\Lib\site-packages\flask\app.py", line 902, in dispatch_request
    return self.ensure_sync(self.view_functions[rule.endpoint])(**view_args)  # type: ignore[no-any-return]
           ~~~~~~~~~~~~~~~~~~~~~~~~~~~~~~~~~~~~~~~~~~~~~~~~~~~~^^^^^^^^^^^^^
  File "C:\Users\Manoj\Contacts\Downloads\Web-MyOwn\Web-MyOwn\app.py", line 324, in aptitude_test
    return render_template('reset_password.html', error="Invalid or expired token", valid=False)
                ^^^^^^^^^^^^^^^^^^^^^^^^^^^^^^^^^^^^^^^^^^^^
  File "C:\Users\Manoj\Contacts\Downloads\Web-MyOwn\Web-MyOwn\app.py", line 110, in load_questions
    if datetime.now().timestamp() > token_data['expires_at']:
         ^^^^^^^^^^^^^^^^^^^
FileNotFoundError: [Errno 2] No such file or directory: 'data/AptitudeQuestions.csv'
Exception on /aptitude_test [GET]
Traceback (most recent call last):
  File "C:\Users\Manoj\Contacts\Downloads\Web-MyOwn\Web-MyOwn\venv\Lib\site-packages\flask\app.py", line 1511, in wsgi_app
    response = self.full_dispatch_request()
  File "C:\Users\Manoj\Contacts\Downloads\Web-MyOwn\Web-MyOwn\venv\Lib\site-packages\flask\app.py", line 919, in full_dispatch_request
    rv = self.handle_user_exception(e)
  File "C:\Users\Manoj\Contacts\Downloads\Web-MyOwn\Web-MyOwn\venv\Lib\site-packages\flask\app.py", line 917, in full_dispatch_request
    rv = self.dispatch_request()
  File "C:\Users\Manoj\Contacts\Downloads\Web-MyOwn\Web-MyOwn\venv\Lib\site-packages\flask\app.py", line 902, in dispatch_request
    return self.ensure_sync(self.view_functions[rule.endpoint])(**view_args)  # type: ignore[no-any-return]
           ~~~~~~~~~~~~~~~~~~~~~~~~~~~~~~~~~~~~~~~~~~~~~~~~~~~~^^^^^^^^^^^^^
  File "C:\Users\Manoj\Contacts\Downloads\Web-MyOwn\Web-MyOwn\app.py", line 324, in aptitude_test
    return render_template('reset_password.html', error="Invalid or expired token", valid=False)
                ^^^^^^^^^^^^^^^^^^^^^^^^^^^^^^^^^^^^^^^^^^^^
  File "C:\Users\Manoj\Contacts\Downloads\Web-MyOwn\Web-MyOwn\app.py", line 110, in load_questions
    if datetime.now().timestamp() > token_data['expires_at']:
         ^^^^^^^^^^^^^^^^^^^
FileNotFoundError: [Errno 2] No such file or directory: 'data/AptitudeQuestions.csv'
Exception on /aptitude_test [GET]
Traceback (most recent call last):
  File "C:\Users\Manoj\Contacts\Downloads\Web-MyOwn\Web-MyOwn\venv\Lib\site-packages\flask\app.py", line 1511, in wsgi_app
    response = self.full_dispatch_request()
  File "C:\Users\Manoj\Contacts\Downloads\Web-MyOwn\Web-MyOwn\venv\Lib\site-packages\flask\app.py", line 919, in full_dispatch_request
    rv = self.handle_user_exception(e)
  File "C:\Users\Manoj\Contacts\Downloads\Web-MyOwn\Web-MyOwn\venv\Lib\site-packages\flask\app.py", line 917, in full_dispatch_request
    rv = self.dispatch_request()
  File "C:\Users\Manoj\Contacts\Downloads\Web-MyOwn\Web-MyOwn\venv\Lib\site-packages\flask\app.py", line 902, in dispatch_request
    return self.ensure_sync(self.view_functions[rule.endpoint])(**view_args)  # type: ignore[no-any-return]
           ~~~~~~~~~~~~~~~~~~~~~~~~~~~~~~~~~~~~~~~~~~~~~~~~~~~~^^^^^^^^^^^^^
  File "C:\Users\Manoj\Contacts\Downloads\Web-MyOwn\Web-MyOwn\app.py", line 324, in aptitude_test
    return render_template('reset_password.html', error="Invalid or expired token", valid=False)
                ^^^^^^^^^^^^^^^^^^^^^^^^^^^^^^^^^^^^^^^^^^^^
  File "C:\Users\Manoj\Contacts\Downloads\Web-MyOwn\Web-MyOwn\app.py", line 110, in load_questions
    if datetime.now().timestamp() > token_data['expires_at']:
         ^^^^^^^^^^^^^^^^^^^
FileNotFoundError: [Errno 2] No such file or directory: 'data/AptitudeQuestions.csv'
Exception on /aptitude_test [GET]
Traceback (most recent call last):
  File "C:\Users\Manoj\Contacts\Downloads\Web-MyOwn\Web-MyOwn\venv\Lib\site-packages\flask\app.py", line 1511, in wsgi_app
    response = self.full_dispatch_request()
  File "C:\Users\Manoj\Contacts\Downloads\Web-MyOwn\Web-MyOwn\venv\Lib\site-packages\flask\app.py", line 919, in full_dispatch_request
    rv = self.handle_user_exception(e)
  File "C:\Users\Manoj\Contacts\Downloads\Web-MyOwn\Web-MyOwn\venv\Lib\site-packages\flask\app.py", line 917, in full_dispatch_request
    rv = self.dispatch_request()
  File "C:\Users\Manoj\Contacts\Downloads\Web-MyOwn\Web-MyOwn\venv\Lib\site-packages\flask\app.py", line 902, in dispatch_request
    return self.ensure_sync(self.view_functions[rule.endpoint])(**view_args)  # type: ignore[no-any-return]
           ~~~~~~~~~~~~~~~~~~~~~~~~~~~~~~~~~~~~~~~~~~~~~~~~~~~~^^^^^^^^^^^^^
  File "C:\Users\Manoj\Contacts\Downloads\Web-MyOwn\Web-MyOwn\app.py", line 324, in aptitude_test
    return render_template('reset_password.html', error="Invalid or expired token", valid=False)
                ^^^^^^^^^^^^^^^^^^^^^^^^^^^^^^^^^^^^^^^^^^^^
  File "C:\Users\Manoj\Contacts\Downloads\Web-MyOwn\Web-MyOwn\app.py", line 110, in load_questions
    if datetime.now().timestamp() > token_data['expires_at']:
         ^^^^^^^^^^^^^^^^^^^
FileNotFoundError: [Errno 2] No such file or directory: 'data/AptitudeQuestions.csv'
Exception on /aptitude_test [GET]
Traceback (most recent call last):
  File "C:\Users\Manoj\Contacts\Downloads\Web-MyOwn\Web-MyOwn\venv\Lib\site-packages\flask\app.py", line 1511, in wsgi_app
    response = self.full_dispatch_request()
  File "C:\Users\Manoj\Contacts\Downloads\Web-MyOwn\Web-MyOwn\venv\Lib\site-packages\flask\app.py", line 919, in full_dispatch_request
    rv = self.handle_user_exception(e)
  File "C:\Users\Manoj\Contacts\Downloads\Web-MyOwn\Web-MyOwn\venv\Lib\site-packages\flask\app.py", line 917, in full_dispatch_request
    rv = self.dispatch_request()
  File "C:\Users\Manoj\Contacts\Downloads\Web-MyOwn\Web-MyOwn\venv\Lib\site-packages\flask\app.py", line 902, in dispatch_request
    return self.ensure_sync(self.view_functions[rule.endpoint])(**view_args)  # type: ignore[no-any-return]
           ~~~~~~~~~~~~~~~~~~~~~~~~~~~~~~~~~~~~~~~~~~~~~~~~~~~~^^^^^^^^^^^^^
  File "C:\Users\Manoj\Contacts\Downloads\Web-MyOwn\Web-MyOwn\app.py", line 324, in aptitude_test
    return render_template('reset_password.html', error="Invalid or expired token", valid=False)
                ^^^^^^^^^^^^^^^^^^^^^^^^^^^^^^^^^^^^^^^^^^^^
  File "C:\Users\Manoj\Contacts\Downloads\Web-MyOwn\Web-MyOwn\app.py", line 110, in load_questions
    if datetime.now().timestamp() > token_data['expires_at']:
         ^^^^^^^^^^^^^^^^^^^
FileNotFoundError: [Errno 2] No such file or directory: 'data/AptitudeQuestions.csv'
Exception on /aptitude_test [GET]
Traceback (most recent call last):
  File "C:\Users\Manoj\Contacts\Downloads\Web-MyOwn\Web-MyOwn\venv\Lib\site-packages\flask\app.py", line 1511, in wsgi_app
    response = self.full_dispatch_request()
  File "C:\Users\Manoj\Contacts\Downloads\Web-MyOwn\Web-MyOwn\venv\Lib\site-packages\flask\app.py", line 919, in full_dispatch_request
    rv = self.handle_user_exception(e)
  File "C:\Users\Manoj\Contacts\Downloads\Web-MyOwn\Web-MyOwn\venv\Lib\site-packages\flask\app.py", line 917, in full_dispatch_request
    rv = self.dispatch_request()
  File "C:\Users\Manoj\Contacts\Downloads\Web-MyOwn\Web-MyOwn\venv\Lib\site-packages\flask\app.py", line 902, in dispatch_request
    return self.ensure_sync(self.view_functions[rule.endpoint])(**view_args)  # type: ignore[no-any-return]
           ~~~~~~~~~~~~~~~~~~~~~~~~~~~~~~~~~~~~~~~~~~~~~~~~~~~~^^^^^^^^^^^^^
  File "C:\Users\Manoj\Contacts\Downloads\Web-MyOwn\Web-MyOwn\app.py", line 324, in aptitude_test
    return render_template('reset_password.html', error="Invalid or expired token", valid=False)
                ^^^^^^^^^^^^^^^^^^^^^^^^^^^^^^^^^^^^^^^^^^^^
  File "C:\Users\Manoj\Contacts\Downloads\Web-MyOwn\Web-MyOwn\app.py", line 110, in load_questions
    if datetime.now().timestamp() > token_data['expires_at']:
         ^^^^^^^^^^^^^^^^^^^
FileNotFoundError: [Errno 2] No such file or directory: 'data/AptitudeQuestions.csv'
Exception on /aptitude_test [GET]
Traceback (most recent call last):
  File "C:\Users\Manoj\Contacts\Downloads\Web-MyOwn\Web-MyOwn\venv\Lib\site-packages\flask\app.py", line 1511, in wsgi_app
    response = self.full_dispatch_request()
  File "C:\Users\Manoj\Contacts\Downloads\Web-MyOwn\Web-MyOwn\venv\Lib\site-packages\flask\app.py", line 919, in full_dispatch_request
    rv = self.handle_user_exception(e)
  File "C:\Users\Manoj\Contacts\Downloads\Web-MyOwn\Web-MyOwn\venv\Lib\site-packages\flask\app.py", line 917, in full_dispatch_request
    rv = self.dispatch_request()
  File "C:\Users\Manoj\Contacts\Downloads\Web-MyOwn\Web-MyOwn\venv\Lib\site-packages\flask\app.py", line 902, in dispatch_request
    return self.ensure_sync(self.view_functions[rule.endpoint])(**view_args)  # type: ignore[no-any-return]
           ~~~~~~~~~~~~~~~~~~~~~~~~~~~~~~~~~~~~~~~~~~~~~~~~~~~~^^^^^^^^^^^^^
  File "C:\Users\Manoj\Contacts\Downloads\Web-MyOwn\Web-MyOwn\app.py", line 324, in aptitude_test
    return render_template('reset_password.html', error="Invalid or expired token", valid=False)
                ^^^^^^^^^^^^^^^^^^^^^^^^^^^^^^^^^^^^^^^^^^^^
  File "C:\Users\Manoj\Contacts\Downloads\Web-MyOwn\Web-MyOwn\app.py", line 110, in load_questions
    if datetime.now().timestamp() > token_data['expires_at']:
         ^^^^^^^^^^^^^^^^^^^
FileNotFoundError: [Errno 2] No such file or directory: 'data/AptitudeQuestions.csv'
Exception on /aptitude_test [GET]
Traceback (most recent call last):
  File "C:\Users\Manoj\Contacts\Downloads\Web-MyOwn\Web-MyOwn\venv\Lib\site-packages\flask\app.py", line 1511, in wsgi_app
    response = self.full_dispatch_request()
  File "C:\Users\Manoj\Contacts\Downloads\Web-MyOwn\Web-MyOwn\venv\Lib\site-packages\flask\app.py", line 919, in full_dispatch_request
    rv = self.handle_user_exception(e)
  File "C:\Users\Manoj\Contacts\Downloads\Web-MyOwn\Web-MyOwn\venv\Lib\site-packages\flask\app.py", line 917, in full_dispatch_request
    rv = self.dispatch_request()
  File "C:\Users\Manoj\Contacts\Downloads\Web-MyOwn\Web-MyOwn\venv\Lib\site-packages\flask\app.py", line 902, in dispatch_request
    return self.ensure_sync(self.view_functions[rule.endpoint])(**view_args)  # type: ignore[no-any-return]
           ~~~~~~~~~~~~~~~~~~~~~~~~~~~~~~~~~~~~~~~~~~~~~~~~~~~~^^^^^^^^^^^^^
  File "C:\Users\Manoj\Contacts\Downloads\Web-MyOwn\Web-MyOwn\app.py", line 324, in aptitude_test
    return render_template('reset_password.html', error="Invalid or expired token", valid=False)
                ^^^^^^^^^^^^^^^^^^^^^^^^^^^^^^^^^^^^^^^^^^^^
  File "C:\Users\Manoj\Contacts\Downloads\Web-MyOwn\Web-MyOwn\app.py", line 110, in load_questions
    if datetime.now().timestamp() > token_data['expires_at']:
         ^^^^^^^^^^^^^^^^^^^
FileNotFoundError: [Errno 2] No such file or directory: 'data/AptitudeQuestions.csv'
Exception on /aptitude_test [GET]
Traceback (most recent call last):
  File "C:\Users\Manoj\Contacts\Downloads\Web-MyOwn\Web-MyOwn\venv\Lib\site-packages\flask\app.py", line 1511, in wsgi_app
    response = self.full_dispatch_request()
  File "C:\Users\Manoj\Contacts\Downloads\Web-MyOwn\Web-MyOwn\venv\Lib\site-packages\flask\app.py", line 919, in full_dispatch_request
    rv = self.handle_user_exception(e)
  File "C:\Users\Manoj\Contacts\Downloads\Web-MyOwn\Web-MyOwn\venv\Lib\site-packages\flask\app.py", line 917, in full_dispatch_request
    rv = self.dispatch_request()
  File "C:\Users\Manoj\Contacts\Downloads\Web-MyOwn\Web-MyOwn\venv\Lib\site-packages\flask\app.py", line 902, in dispatch_request
    return self.ensure_sync(self.view_functions[rule.endpoint])(**view_args)  # type: ignore[no-any-return]
           ~~~~~~~~~~~~~~~~~~~~~~~~~~~~~~~~~~~~~~~~~~~~~~~~~~~~^^^^^^^^^^^^^
  File "C:\Users\Manoj\Contacts\Downloads\Web-MyOwn\Web-MyOwn\app.py", line 324, in aptitude_test
    return render_template('reset_password.html', error="Invalid or expired token", valid=False)
                ^^^^^^^^^^^^^^^^^^^^^^^^^^^^^^^^^^^^^^^^^^^^
  File "C:\Users\Manoj\Contacts\Downloads\Web-MyOwn\Web-MyOwn\app.py", line 110, in load_questions
    if datetime.now().timestamp() > token_data['expires_at']:
         ^^^^^^^^^^^^^^^^^^^
FileNotFoundError: [Errno 2] No such file or directory: 'data/AptitudeQuestions.csv'
Exception on /aptitude_test [GET]
Traceback (most recent call last):
  File "C:\Users\Manoj\Contacts\Downloads\Web-MyOwn\Web-MyOwn\venv\Lib\site-packages\flask\app.py", line 1511, in wsgi_app
    response = self.full_dispatch_request()
  File "C:\Users\Manoj\Contacts\Downloads\Web-MyOwn\Web-MyOwn\venv\Lib\site-packages\flask\app.py", line 919, in full_dispatch_request
    rv = self.handle_user_exception(e)
  File "C:\Users\Manoj\Contacts\Downloads\Web-MyOwn\Web-MyOwn\venv\Lib\site-packages\flask\app.py", line 917, in full_dispatch_request
    rv = self.dispatch_request()
  File "C:\Users\Manoj\Contacts\Downloads\Web-MyOwn\Web-MyOwn\venv\Lib\site-packages\flask\app.py", line 902, in dispatch_request
    return self.ensure_sync(self.view_functions[rule.endpoint])(**view_args)  # type: ignore[no-any-return]
           ~~~~~~~~~~~~~~~~~~~~~~~~~~~~~~~~~~~~~~~~~~~~~~~~~~~~^^^^^^^^^^^^^
  File "C:\Users\Manoj\Contacts\Downloads\Web-MyOwn\Web-MyOwn\app.py", line 324, in aptitude_test
    return render_template('reset_password.html', error="Invalid or expired token", valid=False)
                ^^^^^^^^^^^^^^^^^^^^^^^^^^^^^^^^^^^^^^^^^^^^
  File "C:\Users\Manoj\Contacts\Downloads\Web-MyOwn\Web-MyOwn\app.py", line 110, in load_questions
    if datetime.now().timestamp() > token_data['expires_at']:
         ^^^^^^^^^^^^^^^^^^^
FileNotFoundError: [Errno 2] No such file or directory: 'data/AptitudeQuestions.csv'
Exception on /aptitude_test [GET]
Traceback (most recent call last):
  File "C:\Users\Manoj\Contacts\Downloads\Web-MyOwn\Web-MyOwn\venv\Lib\site-packages\flask\app.py", line 1511, in wsgi_app
    response = self.full_dispatch_request()
  File "C:\Users\Manoj\Contacts\Downloads\Web-MyOwn\Web-MyOwn\venv\Lib\site-packages\flask\app.py", line 919, in full_dispatch_request
    rv = self.handle_user_exception(e)
  File "C:\Users\Manoj\Contacts\Downloads\Web-MyOwn\Web-MyOwn\venv\Lib\site-packages\flask\app.py", line 917, in full_dispatch_request
    rv = self.dispatch_request()
  File "C:\Users\Manoj\Contacts\Downloads\Web-MyOwn\Web-MyOwn\venv\Lib\site-packages\flask\app.py", line 902, in dispatch_request
    return self.ensure_sync(self.view_functions[rule.endpoint])(**view_args)  # type: ignore[no-any-return]
           ~~~~~~~~~~~~~~~~~~~~~~~~~~~~~~~~~~~~~~~~~~~~~~~~~~~~^^^^^^^^^^^^^
  File "C:\Users\Manoj\Contacts\Downloads\Web-MyOwn\Web-MyOwn\app.py", line 324, in aptitude_test
    return render_template('reset_password.html', error="Invalid or expired token", valid=False)
                ^^^^^^^^^^^^^^^^^^^^^^^^^^^^^^^^^^^^^^^^^^^^
  File "C:\Users\Manoj\Contacts\Downloads\Web-MyOwn\Web-MyOwn\app.py", line 110, in load_questions
    if datetime.now().timestamp() > token_data['expires_at']:
         ^^^^^^^^^^^^^^^^^^^
FileNotFoundError: [Errno 2] No such file or directory: 'data/AptitudeQuestions.csv'
Exception on /aptitude_test [GET]
Traceback (most recent call last):
  File "C:\Users\Manoj\Contacts\Downloads\Web-MyOwn\Web-MyOwn\venv\Lib\site-packages\flask\app.py", line 1511, in wsgi_app
    response = self.full_dispatch_request()
  File "C:\Users\Manoj\Contacts\Downloads\Web-MyOwn\Web-MyOwn\venv\Lib\site-packages\flask\app.py", line 919, in full_dispatch_request
    rv = self.handle_user_exception(e)
  File "C:\Users\Manoj\Contacts\Downloads\Web-MyOwn\Web-MyOwn\venv\Lib\site-packages\flask\app.py", line 917, in full_dispatch_request
    rv = self.dispatch_request()
  File "C:\Users\Manoj\Contacts\Downloads\Web-MyOwn\Web-MyOwn\venv\Lib\site-packages\flask\app.py", line 902, in dispatch_request
    return self.ensure_sync(self.view_functions[rule.endpoint])(**view_args)  # type: ignore[no-any-return]
           ~~~~~~~~~~~~~~~~~~~~~~~~~~~~~~~~~~~~~~~~~~~~~~~~~~~~^^^^^^^^^^^^^
  File "C:\Users\Manoj\Contacts\Downloads\Web-MyOwn\Web-MyOwn\app.py", line 324, in aptitude_test
    return render_template('reset_password.html', error="Invalid or expired token", valid=False)
                ^^^^^^^^^^^^^^^^^^^^^^^^^^^^^^^^^^^^^^^^^^^^
  File "C:\Users\Manoj\Contacts\Downloads\Web-MyOwn\Web-MyOwn\app.py", line 110, in load_questions
    if datetime.now().timestamp() > token_data['expires_at']:
         ^^^^^^^^^^^^^^^^^^^
FileNotFoundError: [Errno 2] No such file or directory: 'data/AptitudeQuestions.csv'
Exception on /aptitude_test [GET]
Traceback (most recent call last):
  File "C:\Users\Manoj\Contacts\Downloads\Web-MyOwn\Web-MyOwn\venv\Lib\site-packages\flask\app.py", line 1511, in wsgi_app
    response = self.full_dispatch_request()
  File "C:\Users\Manoj\Contacts\Downloads\Web-MyOwn\Web-MyOwn\venv\Lib\site-packages\flask\app.py", line 919, in full_dispatch_request
    rv = self.handle_user_exception(e)
  File "C:\Users\Manoj\Contacts\Downloads\Web-MyOwn\Web-MyOwn\venv\Lib\site-packages\flask\app.py", line 917, in full_dispatch_request
    rv = self.dispatch_request()
  File "C:\Users\Manoj\Contacts\Downloads\Web-MyOwn\Web-MyOwn\venv\Lib\site-packages\flask\app.py", line 902, in dispatch_request
    return self.ensure_sync(self.view_functions[rule.endpoint])(**view_args)  # type: ignore[no-any-return]
           ~~~~~~~~~~~~~~~~~~~~~~~~~~~~~~~~~~~~~~~~~~~~~~~~~~~~^^^^^^^^^^^^^
  File "C:\Users\Manoj\Contacts\Downloads\Web-MyOwn\Web-MyOwn\app.py", line 324, in aptitude_test
    return render_template('reset_password.html', error="Invalid or expired token", valid=False)
                ^^^^^^^^^^^^^^^^^^^^^^^^^^^^^^^^^^^^^^^^^^^^
  File "C:\Users\Manoj\Contacts\Downloads\Web-MyOwn\Web-MyOwn\app.py", line 110, in load_questions
    if datetime.now().timestamp() > token_data['expires_at']:
         ^^^^^^^^^^^^^^^^^^^
FileNotFoundError: [Errno 2] No such file or directory: 'data/AptitudeQuestions.csv'
Exception on /aptitude_test [GET]
Traceback (most recent call last):
  File "C:\Users\Manoj\Contacts\Downloads\Web-MyOwn\Web-MyOwn\venv\Lib\site-packages\flask\app.py", line 1511, in wsgi_app
    response = self.full_dispatch_request()
  File "C:\Users\Manoj\Contacts\Downloads\Web-MyOwn\Web-MyOwn\venv\Lib\site-packages\flask\app.py", line 919, in full_dispatch_request
    rv = self.handle_user_exception(e)
  File "C:\Users\Manoj\Contacts\Downloads\Web-MyOwn\Web-MyOwn\venv\Lib\site-packages\flask\app.py", line 917, in full_dispatch_request
    rv = self.dispatch_request()
  File "C:\Users\Manoj\Contacts\Downloads\Web-MyOwn\Web-MyOwn\venv\Lib\site-packages\flask\app.py", line 902, in dispatch_request
    return self.ensure_sync(self.view_functions[rule.endpoint])(**view_args)  # type: ignore[no-any-return]
           ~~~~~~~~~~~~~~~~~~~~~~~~~~~~~~~~~~~~~~~~~~~~~~~~~~~~^^^^^^^^^^^^^
  File "C:\Users\Manoj\Contacts\Downloads\Web-MyOwn\Web-MyOwn\app.py", line 324, in aptitude_test
    return render_template('reset_password.html', error="Invalid or expired token", valid=False)
                ^^^^^^^^^^^^^^^^^^^^^^^^^^^^^^^^^^^^^^^^^^^^
  File "C:\Users\Manoj\Contacts\Downloads\Web-MyOwn\Web-MyOwn\app.py", line 110, in load_questions
    if datetime.now().timestamp() > token_data['expires_at']:
         ^^^^^^^^^^^^^^^^^^^
FileNotFoundError: [Errno 2] No such file or directory: 'data/AptitudeQuestions.csv'
Exception on /aptitude_test [GET]
Traceback (most recent call last):
  File "C:\Users\Manoj\Contacts\Downloads\Web-MyOwn\Web-MyOwn\venv\Lib\site-packages\flask\app.py", line 1511, in wsgi_app
    response = self.full_dispatch_request()
  File "C:\Users\Manoj\Contacts\Downloads\Web-MyOwn\Web-MyOwn\venv\Lib\site-packages\flask\app.py", line 919, in full_dispatch_request
    rv = self.handle_user_exception(e)
  File "C:\Users\Manoj\Contacts\Downloads\Web-MyOwn\Web-MyOwn\venv\Lib\site-packages\flask\app.py", line 917, in full_dispatch_request
    rv = self.dispatch_request()
  File "C:\Users\Manoj\Contacts\Downloads\Web-MyOwn\Web-MyOwn\venv\Lib\site-packages\flask\app.py", line 902, in dispatch_request
    return self.ensure_sync(self.view_functions[rule.endpoint])(**view_args)  # type: ignore[no-any-return]
           ~~~~~~~~~~~~~~~~~~~~~~~~~~~~~~~~~~~~~~~~~~~~~~~~~~~~^^^^^^^^^^^^^
  File "C:\Users\Manoj\Contacts\Downloads\Web-MyOwn\Web-MyOwn\app.py", line 324, in aptitude_test
    return render_template('reset_password.html', error="Invalid or expired token", valid=False)
                ^^^^^^^^^^^^^^^^^^^^^^^^^^^^^^^^^^^^^^^^^^^^
  File "C:\Users\Manoj\Contacts\Downloads\Web-MyOwn\Web-MyOwn\app.py", line 110, in load_questions
    if datetime.now().timestamp() > token_data['expires_at']:
         ^^^^^^^^^^^^^^^^^^^
FileNotFoundError: [Errno 2] No such file or directory: 'data/AptitudeQuestions.csv'
Exception on /aptitude_test [GET]
Traceback (most recent call last):
  File "C:\Users\Manoj\Contacts\Downloads\Web-MyOwn\Web-MyOwn\venv\Lib\site-packages\flask\app.py", line 1511, in wsgi_app
    response = self.full_dispatch_request()
  File "C:\Users\Manoj\Contacts\Downloads\Web-MyOwn\Web-MyOwn\venv\Lib\site-packages\flask\app.py", line 919, in full_dispatch_request
    rv = self.handle_user_exception(e)
  File "C:\Users\Manoj\Contacts\Downloads\Web-MyOwn\Web-MyOwn\venv\Lib\site-packages\flask\app.py", line 917, in full_dispatch_request
    rv = self.dispatch_request()
  File "C:\Users\Manoj\Contacts\Downloads\Web-MyOwn\Web-MyOwn\venv\Lib\site-packages\flask\app.py", line 902, in dispatch_request
    return self.ensure_sync(self.view_functions[rule.endpoint])(**view_args)  # type: ignore[no-any-return]
           ~~~~~~~~~~~~~~~~~~~~~~~~~~~~~~~~~~~~~~~~~~~~~~~~~~~~^^^^^^^^^^^^^
  File "C:\Users\Manoj\Contacts\Downloads\Web-MyOwn\Web-MyOwn\app.py", line 324, in aptitude_test
    return render_template('reset_password.html', error="Invalid or expired token", valid=False)
                ^^^^^^^^^^^^^^^^^^^^^^^^^^^^^^^^^^^^^^^^^^^^
  File "C:\Users\Manoj\Contacts\Downloads\Web-MyOwn\Web-MyOwn\app.py", line 110, in load_questions
    if datetime.now().timestamp() > token_data['expires_at']:
         ^^^^^^^^^^^^^^^^^^^
FileNotFoundError: [Errno 2] No such file or directory: 'data/AptitudeQuestions.csv'
Exception on /aptitude_test [GET]
Traceback (most recent call last):
  File "C:\Users\Manoj\Contacts\Downloads\Web-MyOwn\Web-MyOwn\venv\Lib\site-packages\flask\app.py", line 1511, in wsgi_app
    response = self.full_dispatch_request()
  File "C:\Users\Manoj\Contacts\Downloads\Web-MyOwn\Web-MyOwn\venv\Lib\site-packages\flask\app.py", line 919, in full_dispatch_request
    rv = self.handle_user_exception(e)
  File "C:\Users\Manoj\Contacts\Downloads\Web-MyOwn\Web-MyOwn\venv\Lib\site-packages\flask\app.py", line 917, in full_dispatch_request
    rv = self.dispatch_request()
  File "C:\Users\Manoj\Contacts\Downloads\Web-MyOwn\Web-MyOwn\venv\Lib\site-packages\flask\app.py", line 902, in dispatch_request
    return self.ensure_sync(self.view_functions[rule.endpoint])(**view_args)  # type: ignore[no-any-return]
           ~~~~~~~~~~~~~~~~~~~~~~~~~~~~~~~~~~~~~~~~~~~~~~~~~~~~^^^^^^^^^^^^^
  File "C:\Users\Manoj\Contacts\Downloads\Web-MyOwn\Web-MyOwn\app.py", line 324, in aptitude_test
    return render_template('reset_password.html', error="Invalid or expired token", valid=False)
                ^^^^^^^^^^^^^^^^^^^^^^^^^^^^^^^^^^^^^^^^^^^^
  File "C:\Users\Manoj\Contacts\Downloads\Web-MyOwn\Web-MyOwn\app.py", line 110, in load_questions
    if datetime.now().timestamp() > token_data['expires_at']:
         ^^^^^^^^^^^^^^^^^^^
FileNotFoundError: [Errno 2] No such file or directory: 'data/AptitudeQuestions.csv'
Exception on /aptitude_test [GET]
Traceback (most recent call last):
  File "C:\Users\Manoj\Contacts\Downloads\Web-MyOwn\Web-MyOwn\venv\Lib\site-packages\flask\app.py", line 1511, in wsgi_app
    response = self.full_dispatch_request()
  File "C:\Users\Manoj\Contacts\Downloads\Web-MyOwn\Web-MyOwn\venv\Lib\site-packages\flask\app.py", line 919, in full_dispatch_request
    rv = self.handle_user_exception(e)
  File "C:\Users\Manoj\Contacts\Downloads\Web-MyOwn\Web-MyOwn\venv\Lib\site-packages\flask\app.py", line 917, in full_dispatch_request
    rv = self.dispatch_request()
  File "C:\Users\Manoj\Contacts\Downloads\Web-MyOwn\Web-MyOwn\venv\Lib\site-packages\flask\app.py", line 902, in dispatch_request
    return self.ensure_sync(self.view_functions[rule.endpoint])(**view_args)  # type: ignore[no-any-return]
           ~~~~~~~~~~~~~~~~~~~~~~~~~~~~~~~~~~~~~~~~~~~~~~~~~~~~^^^^^^^^^^^^^
  File "C:\Users\Manoj\Contacts\Downloads\Web-MyOwn\Web-MyOwn\app.py", line 324, in aptitude_test
    return render_template('reset_password.html', error="Invalid or expired token", valid=False)
                ^^^^^^^^^^^^^^^^^^^^^^^^^^^^^^^^^^^^^^^^^^^^
  File "C:\Users\Manoj\Contacts\Downloads\Web-MyOwn\Web-MyOwn\app.py", line 110, in load_questions
    if datetime.now().timestamp() > token_data['expires_at']:
         ^^^^^^^^^^^^^^^^^^^
FileNotFoundError: [Errno 2] No such file or directory: 'data/AptitudeQuestions.csv'
Exception on /aptitude_test [GET]
Traceback (most recent call last):
  File "C:\Users\Manoj\Contacts\Downloads\Web-MyOwn\Web-MyOwn\venv\Lib\site-packages\flask\app.py", line 1511, in wsgi_app
    response = self.full_dispatch_request()
  File "C:\Users\Manoj\Contacts\Downloads\Web-MyOwn\Web-MyOwn\venv\Lib\site-packages\flask\app.py", line 919, in full_dispatch_request
    rv = self.handle_user_exception(e)
  File "C:\Users\Manoj\Contacts\Downloads\Web-MyOwn\Web-MyOwn\venv\Lib\site-packages\flask\app.py", line 917, in full_dispatch_request
    rv = self.dispatch_request()
  File "C:\Users\Manoj\Contacts\Downloads\Web-MyOwn\Web-MyOwn\venv\Lib\site-packages\flask\app.py", line 902, in dispatch_request
    return self.ensure_sync(self.view_functions[rule.endpoint])(**view_args)  # type: ignore[no-any-return]
           ~~~~~~~~~~~~~~~~~~~~~~~~~~~~~~~~~~~~~~~~~~~~~~~~~~~~^^^^^^^^^^^^^
  File "C:\Users\Manoj\Contacts\Downloads\Web-MyOwn\Web-MyOwn\app.py", line 324, in aptitude_test
    return render_template('reset_password.html', error="Invalid or expired token", valid=False)
                ^^^^^^^^^^^^^^^^^^^^^^^^^^^^^^^^^^^^^^^^^^^^
  File "C:\Users\Manoj\Contacts\Downloads\Web-MyOwn\Web-MyOwn\app.py", line 110, in load_questions
    if datetime.now().timestamp() > token_data['expires_at']:
         ^^^^^^^^^^^^^^^^^^^
FileNotFoundError: [Errno 2] No such file or directory: 'data/AptitudeQuestions.csv'
Exception on /aptitude_test [GET]
Traceback (most recent call last):
  File "C:\Users\Manoj\Contacts\Downloads\Web-MyOwn\Web-MyOwn\venv\Lib\site-packages\flask\app.py", line 1511, in wsgi_app
    response = self.full_dispatch_request()
  File "C:\Users\Manoj\Contacts\Downloads\Web-MyOwn\Web-MyOwn\venv\Lib\site-packages\flask\app.py", line 919, in full_dispatch_request
    rv = self.handle_user_exception(e)
  File "C:\Users\Manoj\Contacts\Downloads\Web-MyOwn\Web-MyOwn\venv\Lib\site-packages\flask\app.py", line 917, in full_dispatch_request
    rv = self.dispatch_request()
  File "C:\Users\Manoj\Contacts\Downloads\Web-MyOwn\Web-MyOwn\venv\Lib\site-packages\flask\app.py", line 902, in dispatch_request
    return self.ensure_sync(self.view_functions[rule.endpoint])(**view_args)  # type: ignore[no-any-return]
           ~~~~~~~~~~~~~~~~~~~~~~~~~~~~~~~~~~~~~~~~~~~~~~~~~~~~^^^^^^^^^^^^^
  File "C:\Users\Manoj\Contacts\Downloads\Web-MyOwn\Web-MyOwn\app.py", line 324, in aptitude_test
    return render_template('reset_password.html', error="Invalid or expired token", valid=False)
                ^^^^^^^^^^^^^^^^^^^^^^^^^^^^^^^^^^^^^^^^^^^^
  File "C:\Users\Manoj\Contacts\Downloads\Web-MyOwn\Web-MyOwn\app.py", line 110, in load_questions
    if datetime.now().timestamp() > token_data['expires_at']:
         ^^^^^^^^^^^^^^^^^^^
FileNotFoundError: [Errno 2] No such file or directory: 'data/AptitudeQuestions.csv'
Exception on /aptitude_test [GET]
Traceback (most recent call last):
  File "C:\Users\Manoj\Contacts\Downloads\Web-MyOwn\Web-MyOwn\venv\Lib\site-packages\flask\app.py", line 1511, in wsgi_app
    response = self.full_dispatch_request()
  File "C:\Users\Manoj\Contacts\Downloads\Web-MyOwn\Web-MyOwn\venv\Lib\site-packages\flask\app.py", line 919, in full_dispatch_request
    rv = self.handle_user_exception(e)
  File "C:\Users\Manoj\Contacts\Downloads\Web-MyOwn\Web-MyOwn\venv\Lib\site-packages\flask\app.py", line 917, in full_dispatch_request
    rv = self.dispatch_request()
  File "C:\Users\Manoj\Contacts\Downloads\Web-MyOwn\Web-MyOwn\venv\Lib\site-packages\flask\app.py", line 902, in dispatch_request
    return self.ensure_sync(self.view_functions[rule.endpoint])(**view_args)  # type: ignore[no-any-return]
           ~~~~~~~~~~~~~~~~~~~~~~~~~~~~~~~~~~~~~~~~~~~~~~~~~~~~^^^^^^^^^^^^^
  File "C:\Users\Manoj\Contacts\Downloads\Web-MyOwn\Web-MyOwn\app.py", line 324, in aptitude_test
    return render_template('reset_password.html', error="Invalid or expired token", valid=False)
                ^^^^^^^^^^^^^^^^^^^^^^^^^^^^^^^^^^^^^^^^^^^^
  File "C:\Users\Manoj\Contacts\Downloads\Web-MyOwn\Web-MyOwn\app.py", line 110, in load_questions
    if datetime.now().timestamp() > token_data['expires_at']:
         ^^^^^^^^^^^^^^^^^^^
FileNotFoundError: [Errno 2] No such file or directory: 'data/AptitudeQuestions.csv'
Exception on /aptitude_test [GET]
Traceback (most recent call last):
  File "C:\Users\Manoj\Contacts\Downloads\Web-MyOwn\Web-MyOwn\venv\Lib\site-packages\flask\app.py", line 1511, in wsgi_app
    response = self.full_dispatch_request()
  File "C:\Users\Manoj\Contacts\Downloads\Web-MyOwn\Web-MyOwn\venv\Lib\site-packages\flask\app.py", line 919, in full_dispatch_request
    rv = self.handle_user_exception(e)
  File "C:\Users\Manoj\Contacts\Downloads\Web-MyOwn\Web-MyOwn\venv\Lib\site-packages\flask\app.py", line 917, in full_dispatch_request
    rv = self.dispatch_request()
  File "C:\Users\Manoj\Contacts\Downloads\Web-MyOwn\Web-MyOwn\venv\Lib\site-packages\flask\app.py", line 902, in dispatch_request
    return self.ensure_sync(self.view_functions[rule.endpoint])(**view_args)  # type: ignore[no-any-return]
           ~~~~~~~~~~~~~~~~~~~~~~~~~~~~~~~~~~~~~~~~~~~~~~~~~~~~^^^^^^^^^^^^^
  File "C:\Users\Manoj\Contacts\Downloads\Web-MyOwn\Web-MyOwn\app.py", line 324, in aptitude_test
    return render_template('reset_password.html', error="Invalid or expired token", valid=False)
                ^^^^^^^^^^^^^^^^^^^^^^^^^^^^^^^^^^^^^^^^^^^^
  File "C:\Users\Manoj\Contacts\Downloads\Web-MyOwn\Web-MyOwn\app.py", line 110, in load_questions
    if datetime.now().timestamp() > token_data['expires_at']:
         ^^^^^^^^^^^^^^^^^^^
FileNotFoundError: [Errno 2] No such file or directory: 'data/AptitudeQuestions.csv'
